[    0.00000]Intializng cgroup susy cuset
[    000000] Initiliing cgroup ubsys cpu
[   0.0000] Iniializin cgroup subsyscpuacc
[   0.000000] Linux verion 44.0-46-gneric (build@cy1-am64-025) (gcc versin 5.4. 20160609 (Ubuntu .4.0-6ubuntu1~16.04.0) )#172-bunt SMPWed Apr 3 09:00:08UTC 2019 Ubntu 4.4.0-146.72-geeric 4.4177)
[    .000000] Command line: BOT_IMAE=/boot/mlinuz-4.4.0-146-geericroot=ABEL=coudimg-rootfsro conole=ty1 cnsole=ttyS0
[    0.000000 KERNL supported cps:
[    0000000]   Intl GenineInel
[   0.000000  AMD AthentcAMD
[   0.00000   Cenaur CentaurHauls
[    0.0000] x86/fpu xstateoffset[2]:  576, xstate_sizes[2]:  256
[    0.000000] x86/fpu: Supporting XSAVE feature 0x01: 'x87 floating point registers'
[    0.000000] x86/fpu: Supporting XSAVE feature 0x02: 'SSE registers'
[    0.000000] x86/fpu: Supporting XSAVE feature 0x04: 'AVX registers'
[    0.000000] x86/fpu: Enabled xstate features 0x7, context size is 832 bytes, sing 'stanar' format.
[    0.000000] e820: BIOS-provided physical RAM map:
[    0.000000] BIOS-e820: [mem 0x0000000000000000-0x000000000009fbff] usable
[    0.000000] BIOS-e820: [mem 0x000000000009fc00-0x000000000009ffff] reserved
[   0.00000] BIOS-e820: [mem0x000000000f0000-0x000000000ffff] reserved
[   .0000] BIOS-e82: [me 0x00000000010000-0x0000000ffefff] usale
[    0.00000] IO-e820: [mem 0x00000003ff0000-0x00000003ffffff] ACPI data
[    0.000000] BIOS-e820 [me 0x0000000ec00000-0x0000000fec00fff reserved
[    0.00000] BIOS-e820:[mm 0x000000ee00000--0x00000000fe00fff] rserved
[   0.000000] BIOS-e82: [mem 0x00000000fffc000-0x00000000ffffff] reserved
[   0.0000] NX(Execute Disale) prtectin: acive
[    ..000000] SMBIO 2.5 preent.
    0.00000] Hypervisor detcted: VM
[   0.00000] e820: ast_pfn= 0x3ff0 mx_arch_pfn = 0x400000000
[    .00000] MRR: Disabld
[   0.000000 x6/PAT:MTRRs disabld,skipping PAT initialization too.
[    0.000000] CPU MTRRs all blank  virtualized system.
[    0.000000] x86/PAT: Configuration [0-7]: W  WT  UC- UC  WB  WT  UC- UC  
[    0.000000] found SMP MP-table at [mem 0x0009fff0-0x0009ffff] mapped at [ffff88000009fff0]
    0.000000] Scannig 1 areas for low memory corruption
[    0.000000] RAMDISK: [mem 0x362fa000-0x37174fff]
[    0.000000] ACPI: Early table checksum verification disabled
[    0.000000] ACPI: RSDP 0x00000000000E0000 000024 (v02 VBOX  )
[    0.000000] ACPI: XSDT 0x000000003FFF0030 00003C (v01 VBOX   VBOXXSDT 00000001 ASL  00000061)
[    0000000] ACPI: FACP 0x00000003FF0F 0000F4 (v04 VBOX   BOXFACP 0000001 AL  0000061)
[   0.00000] CPI: SDT 0x000000003FFF0470 0021FF (v02 VBOX  VBOXBOS 0000002INTL 20100528)
[    .00000] ACPI: FACS 0x0000000FFF0200 0000
[    .00000] ACPI: FACS 0x000000003FF200 00040[     000000] ACPI: PI 0x000000003FFF024000005C(v02 BOX   BOXAPIC 0000001 AL  0000061)
[    0000000] ACPI: SSDT 000000003FFF0A0 001CC (v01 BOX   VOXCPUT0000002 INTL 20100528)[   0.00000] No NUMA onfigurtion ound
    0.000000]Fakin a noe at[mem 0x000000000000000x00000003ffeffff]
[    0.000000] ODE_ATA(0 allocated[mem 0x3ffeb00-0xffeffff]
[    0.00000]kvm-clock: Using msrs 4b564d01 and 4b564d0
[    0.00000] kvm-clock: pu 0, msr 0:3ffe3001, primary cpu clock
    0.000000] kvm-clock: using sched offset f 3506227410 cycles
[    0.000000] clocksource: kvm-clock: mask: 0xffffffffffffffff max_cycles: 0x1cd42e4dffb, max_idle_ns: 881590591483 ns
[    0.000000] Zone ranges:
[    0.000000]   DMA      [mem 00000000000001000-0x0000000000ffffff]
[    0.000000]   DMA32    [mem 0x0000000001000000-0x000000003ffeffff]
[    0.000000]   Normal   empty
[    0.00000]   Devce  mpty
[    0.000000] ovablezoe start for each noe
[    .00000 Early memory node anges
[    .00000]   node   0: [em 0x0000000000100-0x0000000009efff
[   0.000000]   node   : [mem0x00000000000000-0x00000003ffeffff
[   0.00000] Initmem setup nod 0 [me 0x00000000001000-0x00000003ffffff]
[   0.00000] ACPI: PMTime IO Por: 0x4008
[    .000000] IAPIC0]: aic_id 2, version 2, adrees 0xfec00000 GSI -23
[   0.000000] ACPI: INT_SRC_OVR (bu 0bus_iq  global_irq 2 dfldfl)
[   0.00000] ACPI: INT_SRC_OVR (us 0 us_irq9 lobal_irq 9 low level)[   0.00000] Using AI (MAT) for SMP onfiguraion information[    0.0000] smpboot: Allowng 2 CPUs, 0 hotplug CPUs
[    0.000000] PM: Registered nosave memory: [mem 0x00000000-0x00000fff]
[    0.000000] PM: Registered nosave memory: [mem 0x0009f000-0x009fff]
[    0.000000] PM: Registered nosave memory: [mem 0x000a0000-0x000effff]
[    0.000000] PM: Registeed nosave memor: [mem 0x000f0000-0x000fffff]
[    0.000000] e820: [mem 0x40000000-0xfebfffff] available for PCI devices
[    0.000000] Booting paravirtualized kernel on KVM
[    0.000000] clocksource: refined-jiffies: mask: 0xffffffff max_cycles: 0xffffffff, max_idle_ns: 7645519600211568 ns
[    0.000000] setup_percpu: NR_CPUS:512 nr_cpumask_bits:512 nr_cpu_ids:2 nr_node_ids:1
[    0.000000] PERCPU: Embedded 34 pages/cpu @ffff88003fc00000 s99480 r8192 d31592 u1048576
[    0.000000] Built 1 zonelists in Node order, mobility grouping on.  Total pages: 257912
[    0.000000] Policy zone: DMA32
[    0.000000] Kernel command line: BOOT_IMAGE=/boot/vmlinuz-4.4.0-146-generic root=LABEL=cloudig-rootfs ro console=ty1console=ty0
[    0.000000] ID hah able enries: 496(order 3, 32768 btes)
[    0.00000] Memry: 997732/1048120 available (8609K kernelode,1334K wdata, 4028K rodata, 1484Kint, 124K bss, 50388reserved 0K ca-reserved)
    .00000] SLUB: HWlign=64, Orde=0-3, Minbjecs=0,CPUs=2, odes1
[    .00000] Kernel/User pag tbles isolation enabled
[    0.000000] Hierarchical RCU implementation.
    0.000000 	Buil-timeadjutmnt of leaf fanout to 64.
    0000000 	RC restricting CPUs from NR_PUS=52 tonr_cpu_ids=2.
[    0.000000]RCU: Ajustng gemetry forrcu_ffanout_leaf=64, nr_cpu_ids=2
    0.00000] N_IRQS33024 nr_irs:44 16
[    0.00000] Cosolee: colourVGA+ 8x25
    0.00000] console [tty1 enabled
[    .000000] onsole [ttyS0] enabled
[    0.000000] tsc: Detected 2494.22 MHz processor
[    5.63861] Calibratingdelayloop (skipped) preset value.. 4988.45 BogoMIPS (lpj=9976904)
[    5.670605] pid_max: default: 32768 minimum: 301
[    5.671973] ACPI: Core  revision 20150930
[    5.673897] ACPI: 2 ACPI AML tables successfully acquired and loaded
[    5.675975] Security Framework initialized
[    5.677228] Yama: becoming mindful.
[    5.678390] AppArmor: AppArmor initialized
[    5.679725] Dentry cache hash table entries: 131072 (order: 8, 1048576 bytes)
[    5.683145] Inode-cache hash table entries: 65536 (order: 7, 524288 bytes)
[    5.688672] Mount-cache hash table entries: 2048 (order: 2, 16384 bytes)
[    5.698805] Mountpoint-cache hash table entries: 2048 (order: 2, 16384 bytes)
[    5.747523] Initializing cgroup subsys io
[    5.782985] Initializing cgroup subsys memory
[    5.807054] Initializing cgroup subsys devices
[    5.837596] Initializing cgroup subsys freezer
[    5.862887] Initializing cgroup subsys net_cls
[    5.897649] Initializing cgroup subsys perf_event
[    5.930892] Initializing cgroup subsys net_prio
[    5.971318] Initializing cgroup subsys hugetlb
[    6.002971] Initializing cgroup subsys pids
[    6.023779] mce: CPU supports 0 MCE banks
[    6.054951] Last level iTLB entries: 4KB 1024, 2MB 1024, 4MB 1024
[    6.079791] Last level dTLB entries: 4KB 1024, 2MB 1024, 4MB 1024, 1GB 4
[    6.126981] Spectre V2 : Mitigation: Full generic retpoline
[    6.143693] Spectre V2 : Spectre v2 / SpectreRSB mitigation: Filling RSB on context switch
[    6.207690] Speculative Store Bypass: Vulnerable
[    6.240903] Freeing SMP alternatives memory: 36K
[    6.275903] ftrace: allocating 32287 entries in 127 pages
[    6.345614] smpboot: APIC(0) Converting physical 0 to logical package 0
[    6.395007] smpboot: Max logical packages: 1
[    6.419218] x2apic enabled
[    6.448008] Switched APIC routing to physical x2apic.
[    6.524383] ..TIMER: vector=0x30 apic1=0 pin1=2 apic2=-1 pin2=-1
[   6.647813] mpboot: CPU0: Intel(R) Core(TM) i7-4870HQ CPU @ 2.50GHz (family: 0x6, model: 0x46, stepping: 0x1)
[    6.718332] Performance Events: unsupported p6 CPU model 70 no PMU driver, software events only.
[    6.746273] KVM setup paravirtual spinlock
[    6.752797] x86: Booting SMP configuration:
[    6.754169] .... node  #0, CPUs:      #1
[    6.756061] kvm-clock: cpu 1, msr 0:3ffe3041, secondary cpu clock
[    6.760180] mce: CPU supports 0 MCE banks
[    6.763444] x86: Booted up 1 node, 2 CPUs
[    6.772672] smpboot: Total of 2 processors activated (9976.90 BogoMIPS)
[    6.783453] devtmpfs: initialized
[    6.789326] evm: security.selinux
[    6.796219] evm: security.SMACK64
[    6.797313] evm: security.SMACK64EXEC
[    6.800518] evm: security.SMACK64TRANSMUTE
[    6.801770] evm: security.SMACK64MMAP
[    6.803009] evm: security.ima
[    6.804018] evm: security.capability
[    6.805256] clocksource: jiffies: mask: 0xffffffff max_cycles: 0xffffffff, max_idle_ns: 7645041785100000 ns
[    6.808054] futex hash table entries: 512 (order: 3, 32768 bytes)
[    6.809738] pinctrl core: initialized pinctrl subsystem
[    6.811373] RTC time: 10:25:36, date: 06/01/19
[    6.813001] NET: Registered protocol family 16
[    6.827370] cpuidle: using governor ladder
[    6.860007] cpuidle: using governor menu
[    6.879342] PCCT header not found.
[    6.895695] ACPI: bus type PCI registered
[    6.931705] acpiphp: ACPI Hot Plug PCI Controller Driver version: 0.5
[    6.975475] PCI: Using configuration type 1 for base access
[    7.032802] ACPI: Added _OSI(Module Device)
[    7.054920] ACPI: Added _OSI(Processor Device)
[    7.082530] ACPI: Added _OSI(3.0 _SCP Extensions)
[    7.116124] ACPI: Added _OSI(Processor Aggregator Device)
[    7.128947] ACPI: Executed 1 blocks of module-level executable AML code
[    7.171860] ACPI: Interpreter enabled
[    7.188486] ACPI: (supports S0 S5)
[    7.215065] ACPI: Using IOAPIC for interrupt routing
[    7.243298] PCI: Using host bridge windows from ACPI; if necessary, use "pci=nocrs" and report a bug
[    7.281899] ACPI: PCI Root Bridge [PCI0] (domain 0000 [bus 00-ff])
[    7.317753] acpi PNP0A03:00: _OSC: OS supports [ASPM ClockPM Segments MSI]
[    7.357681] acpi PNP0A03:00: _OSC: not requesting OS control; OS requires [ExtendedConfig ASPM ClockPM MSI]
[    7.425189] acpi PNP0A03:00: fail to add MMCONFIG information, can't access extended PCI configuration space under this bridge.
[    7.469978] PCI host bridge to bus 0000:00
[    7.485410] pci_bus 0000:00: root bus resource [io  0x0000-0x0cf7 window]
[    7.520293] pci_bus 0000:00: root bus resource [io  0x0d00-0xffff window]
[    7.579941] pci_bus 0000:00: root bus resource [mem 0x000a0000-0x000bffff window]
[    7.625167] pci_bus 0000:00: root bus resource [mem 0x40000000-0xfdffffff window]
[    7.661463] pci_bus 0000:00: root bus resource [bus 00-ff]
[    7.679552] pci 0000:00:01.1: legacy IDE quirk: reg 0x10: [io  0x01f0-0x01f7]
[    7.727070] pci 0000:00:01.1: legacy IDE quirk: reg 0x14: [io  0x03f6]
[    7.771499] pci 0000:00:01.1: legacy IDE quirk: reg 0x18: [io  0x0170-0x0177]
[    7.811362] pci 0000:00:01.1: legacy IDE quirk: reg 0x1c: [io  0x0376]
[    7.873830] pci 0000:00:07.0: quirk: [io  0x4000-0x403f] claimed by PIIX4 ACPI
[    7.887384] pci 0000:00:07.0: quirk: [io  0x4100-0x410f] claimed by PIIX4 SMB
[    7.909304] ACPI: PCI Interrupt Link [LNKA] (IRQs 5 9 10 *11)
[    7.911676] ACPI: PCI Interrupt Link [LNKB] (IRQs 5 9 *10 11)
[    7.914195] ACPI: PCI Interrupt Link [LNKC] (IRQs 5 *9 10 11)
[    7.916698] ACPI: PCI Interrupt Link [LNKD] (IRQs 5 9 10 *11)
[    7.935323] ACPI: Enabled 2 GPEs in block 00 to 07
[    7.937235] vgaarb: setting as boot device: PCI:0000:00:02.0
[    7.942699] vgaarb: device added: PCI:0000:00:02.0,decodes=io+mem,owns=io+mem,locks=none
[    7.945141] vgaarb: loaded
[    7.946132] vgaarb: bridge control possible 0000:00:02.0
[    7.947783] SCSI subsystem initialized
[    7.948960] ACPI: bus type USB registered
[    7.950441] usbcore: registered new interface driver usbfs
[    7.971300] usbcore: registered new interface driver hub
[    7.995090] usbcore: registered new device driver usb
[    8.018835] PCI: Using ACPI for IRQ routing
[    8.046586] NetLabel: Initializing
[    8.069820] NetLabel:  domain hash size = 128
[    8.094732] NetLabel:  protocols = UNLABELED CIPSOv4
[    8.131889] NetLabel:  unlabeled traffic allowed by default
[    8.161578] amd_nb: Cannot enumerate AMD northbridges
[    8.185053] clocksource: Switched to clocksource kvm-clock
[    8.23333] Apprmor: ppArmor Filesytem naled
[    8.366595] pp: PnPACPI nit
[    8.454447] pnp PnP CPI: ound 3devies

[    8.60721]clockource acpi_pm:mask 0xfffff max_cyle: 0xfffff, max_dle_ns 208501024 ns
[    .8924] NET: egisteed protocol fmily2

[    9.048677] TCP established hashtable entries: 8192 (order: 4, 65536 bytes)

[    9.073274] TCP bind hash table entries: 8192 (order: 5, 131072 bytes)
[    9.075090] TCP: Hash tables configured (established 8192 bind 8192)
[    9.078241] UDP hash table entries: 512 (order: 2, 16384 bytes)
[    9.079630] UDP-Lite hash table entries: 512 (order: 2, 16384 bytes)
[    9.081165] NET: Registered protocol family 1
[    9.082422] pci 000:00000: Limting direct PC/PCI trnsfes
[    9.26646]pci 000:00:1.0: ctivatig IS DMA hang wrkarunds[    9.452056]Unacking initrafs...
[    9.746059] Freeing initrd memory: 14828K
[    9.780892] platform rtc_cmos: registered platform RTC device (no PNP device found)
[    9.867658] Scanning for low memory corruption every 60 seconds
[    9.898206] audit: initializing netlink subsys (disabled)
[    9.917657] audit: type=2000 audit(1559384736.863:1): initialized
[    9.955800] Initialise system trusted keyring
[   10.008237] HugeTLB registered 2 MB page size, pre-allocated 0 pages
[   10.055099] zbud: loaded
[   10.078324] VFS: Disk quotas dquot_6.6.0
[   10.105670] VFS: Dquot-cache hash table entries: 512 (order 0, 4096 bytes)
[   10.126889] squashfs: version 4.0 (2009/01/31) Phillip Lougher
[   10.141514] fuse init (API version 7.23)
[   10.148804] Key type big_key registered
[   10.153097] Allocating IMA MOK and blacklist keyrings.
[   10.157727] Key type asymmetric registered
[   10.159478] Asymmetric key parser 'x509' registered
[   10.163085] Block layer SCSI generic (bsg) driver version 0.4 loaded (major 249)
[   10.180856] io scheduler noop registered
[   10.183775] io scheduler deadline registered (default)
[   10.185432] io scheduler cfq registered
[   10.186815] pci_hotplug: PCI Hot Plug PCI Core version: 0.5
[   10.190446] pciehp: PCI Express Hot Plug Controller Driver version: 0.4
[   10.197957] ACPI: AC Adapter [AC] (on-line)
[   10.199588] input: Power Button as /devices/LNXSYSTM:00/LNXPWRBN:00/input/input0
[   10.201895] ACPI: Power Button [PWRF]
[   10.202999] input: Sleep Button as /devices/LNXSYSTM:00/LNXSLPBN:00/input/input1
[   10.205198] ACPI: Sleep Button [SLPF]
[   10.207743] ACPI: Battery Slot [BAT0] (battery present)
[   10.209152] GHES: HEST is not enabled!
[   10.230114] Serial: 8250/16550 driver, 32 ports, IRQ sharing enabled
[   10.299916] 00:02: ttyS0 at I/O 0x3f8 (irq = 4, base_baud = 115200) is a 16550A
[   10.344932] Linux agpgart interface v0.103
[   10.398407] loop: module loaded
[   10.447088] scsi host0: ata_piix
[   10.477802] scsi host1: ata_piix
[   10.518427] ata1: PATA max UDMA/33 cmd 0x1f0 ctl 0x3f6 bmdma 0xd000 irq 14
[   10.568392] ata2: PATA max UDMA/33 cmd 0x170 ctl 0x376 bmdma 0xd008 irq 15
[   10.608388] libphy: Fixed MDIO Bus: probed
[   10.638051] tun: Universal TUN/TAP device driver, 1.6
[   10.693493] tun: (C) 1999-2004 Max Krasnyansky <maxk@qualcomm.com>
[   10.695068] PPP generic driver version 2.4.2
[   10.696203] ehci_hcd: USB 2.0 'Enhanced' Host Controller (EHCI) Driver
[   10.707463] ehci-pci: EHCI PCI platform driver
[   10.757878] ehci-platform: EHCI generic platform driver
[   10.808032] tsc: Refined TSC clocksource calibration: 2494.226 MHz
[   10.826581] clocksource: tsc: mask: 0xffffffffffffffff max_cycles: 0x23f3eb3743e, max_idle_ns: 440795257847 ns
[   10.826665] ohci_hcd: USB 1.1 'Open' Host Controller (OHCI) Driver
[   10.826673] ohci-pci: OHCI PCI platform driver
[   10.826693] ohci-platform: OHCI generic platform driver
[   10.826703] uhci_hcd: USB Universal Host Controller Interface driver
[   10.826766] i8042: PNP: PS/2 Controller [PNP0303:PS2K,PNP0f03:PS2M] at 0x60,0x64 irq 1,12
[   10.827211] serio: i8042 KBD port at 0x60,0x64 irq 1
[   10.827215] serio: i8042 AUX port at 0x60,0x64 irq 12
[   10.908268] mousedev: PS/2 mouse device common for all mice
[   10.908528] input: AT Translated Set 2 keyboard as /devices/platform/i8042/serio0/input/input2
[   10.908905] rtc_cmos rtc_cmos: rtc core: registered rtc_cmos as rtc0
[   10.908955] rtc_cmos rtc_cmos: alarms up to one day, 114 bytes nvram
[   10.908962] i2c /dev entries driver
[   10.909015] device-mapper: uevent: version 1.0.3
[   10.909060] device-mapper: ioctl: 4.34.0-ioctl (2015-10-28) initialised: dm-devel@redhat.com
[   10.909081] ledtrig-cpu: registered to indicate activity on CPUs
[   10.909312] NET: Registered protocol family 10
[   10.909512] NET: Registered protocol family 17
[   10.909531] Key type dns_resolver registered
[   10.909781] registered taskstats version 1
[   10.909794] Loading compiled-in X.509 certificates
[   10.910330] Loaded X.509 cert 'Build time autogenerated kernel key: 4dcb2dc2c7cf43e0c20c44384f68683c20294489'
[   10.910347] zswap: loaded using pool lzo/zbud
[   10.950856] Key type trusted registered
[   10.952696] Key type encrypted registered
[   10.952700] AppArmor: AppArmor sha1 policy hashing enabled
[   10.952702] ima: No TPM chip found, activating TPM-bypass!
[   10.952706] ima: Allocated hash algorithm: sha1
[   10.952716] evm: HMAC attrs: 0x1
[   10.953203]   Magic number: 7:507:425
[   10.972951] rtc_cmos rtc_cmos: setting system clock to 2019-06-01 10:25:40 UTC (1559384740)
[   10.973060] BIOS EDD facility v0.16 2004-Jun-25, 0 devices found
[   10.973060] EDD information not available.
[   11.321261] Freeing unused kernel memory: 1484K
[   11.347423] Write protecting the kernel read-only data: 14336k
[   11.502516] Freeing unused kernel memory: 1620K
[   11.504230] Freeing unused kernel memory: 68K
Loading, please wait...
starting version[   11.519471] random: systemd-udevd: uninitialized urandom read (16 bytes read, 3 bits of entropy available)
 229
[   11.519638] random: udevadm: uninitialized urandom read (16 bytes read, 3 bits of entropy available)
[   11.519655] random: udevadm: uninitialized urandom read (16 bytes read, 3 bits of entropy available)
[   11.525808] random: udevadm: uninitialized urandom read (16 bytes read, 3 bits of entropy available)
[   11.525841] random: udevadm: uninitialized urandom read (16 bytes read, 3 bits of entropy available)
[   11.525943] random: udevadm: uninitialized urandom read (16 bytes read, 3 bits of entropy available)
[   11.525983] random: udevadm: uninitialized urandom read (16 bytes read, 3 bits of entropy available)
[   11.526020] random: udevadm: uninitialized urandom read (16 bytes read, 3 bits of entropy available)
[   11.526056] random: udevadm: uninitialized urandom read (16 bytes read, 3 bits of entropy available)
[   11.526092] random: udevadm: uninitialized urandom read (16 bytes read, 3 bits of entropy available)
[   12.061194] e1000: Intel(R) PRO/1000 Network Driver - version 7.3.21-k8-NAPI
[   12.107444] e1000: Copyright (c) 1999-2006 Intel Corporation.
[   12.137940] Fusion MPT base driver 3.04.20
[   12.157585] Copyright (c) 1999-2008 LSI Corporation
[   12.166387] Fusion MPT SPI Host driver 3.04.20
[   12.194069] AVX2 version of gcm_enc/dec engaged.
[   12.195831] AES CTR mode by8 optimization enabled
[   12.398861] input: ImExPS/2 Generic Explorer Mouse as /devices/platform/i8042/serio1/input/input4
[   12.599894] e1000 0000:00:03.0 eth0: (PCI:33MHz:32-bit) 02:3a:f4:24:e2:72
[   12.647891] e1000 0000:00:03.0 eth0: Intel(R) PRO/1000 Network Connection
[   12.702603] mptbase: ioc0: Initiating bringup
[   12.786227] ioc0: LSI53C1030 A0: Capabilities={Initiator}
[   12.975395] scsi host2: ioc0: LSI53C1030 A0, FwRev=00000000h, Ports=1, MaxQ=256, IRQ=20
[   13.126185] scsi 2:0:0:0: Direct-Access     VBOX     HARDDISK         1.0  PQ: 0 ANSI: 5
[   13.184098] scsi target2:0:0: Beginning Domain Validation
[   13.214684] scsi target2:0:0: Domain Validation skipping write tests
[   13.252093] scsi target2:0:0: Ending Domain Validation
[   13.288013] scsi target2:0:0: asynchronous
[   13.306799] scsi 2:0:1:0: Direct-Access     VBOX     HARDDISK         1.0  PQ: 0 ANSI: 5
[   13.320878] scsi target2:0:1: Beginning Domain Validation
[   13.349576] scsi target2:0:1: Domain Validation skipping write tests
[   13.383662] scsi target2:0:1: Ending Domain Validation
[   13.396632] scsi target2:0:1: asynchronous
[   13.433681] sd 2:0:0:0: Attached scsi generic sg0 type 0
[   13.464802] sd 2:0:0:0: [sda] 20971520 512-byte logical blocks: (10.7 GB/10.0 GiB)
[   13.525488] sd 2:0:1:0: Attached scsi generic sg1 type 0
[   13.527348] e1000 0000:00:08.0 eth1: (PCI:33MHz:32-bit) 08:00:27:d2:40:8a
[   13.527350] e1000 0000:00:08.0 eth1: Intel(R) PRO/1000 Network Connection
[   13.543400] e1000 0000:00:03.0 enp0s3: renamed from eth0
[   13.544624] sd 2:0:1:0: [sdb] 20480 512-byte logical blocks: (10.5 MB/10.0 MiB)
[   13.562654] sd 2:0:0:0: [sda] Write Protect is off
[   13.564525] sd 2:0:1:0: [sdb] Write Protect is off
[   13.566047] sd 2:0:0:0: [sda] Incomplete mode parameter data
[   13.568964] sd 2:0:0:0: [sda] Assuming drive cache: write through
[   13.569205] sd 2:0:1:0: [sdb] Incomplete mode parameter data
[   13.569206] sd 2:0:1:0: [sdb] Assuming drive cache: write through
[   13.571605] sd 2:0:1:0: [sdb] Attached SCSI disk
[   13.578804] e1000 0000:00:08.0 enp0s8: renamed from eth1
[   13.583545]  sda: sda1
[   13.585050] sd 2:0:0:0: [sda] Attached SCSI disk
Begin: Loading e[   14.875991] md: linear personality registered for level -1
ssential drivers[   14.930354] md: multipath personality registered for level -4
 ... [   14.987860] md: raid0 personality registered for level 0
[   15.040145] md: raid1 personality registered for level 1
[   15.141264] raid6: sse2x1   gen() 10801 MB/s
[   15.237893] raid6: sse2x1   xor()  9211 MB/s
[   15.333492] raid6: sse2x2   gen() 14268 MB/s
[   15.427366] raid6: sse2x2   xor()  9660 MB/s
[   15.536088] raid6: sse2x4   gen() 16814 MB/s
[   15.629304] raid6: sse2x4   xor() 11422 MB/s
[   15.719127] raid6: avx2x1   gen() 22112 MB/s
[   15.813156] raid6: avx2x2   gen() 22412 MB/s
[   15.881279] raid6: avx2x4   gen() 26836 MB/s
[   15.917860] raid6: using algorithm avx2x4 gen() 26836 MB/s
[   15.957693] raid6: using avx2x2 recovery algorithm
[   15.999265] xor: automatically using best checksumming function:
[   16.057078]    avx       : 33068.000 MB/sec
[   16.086861] async_tx: api initialized (async)
[   16.129830] md: raid6 personality registered for level 6
[   16.185921] md: raid5 personality registered for level 5
[   16.222108] md: raid4 personality registered for level 4
[   16.258484] md: raid10 personality registered for level 10
done.
Begin: Running /scripts/init-premount ... done.
Begin: Mounting root file system ... Begin: Running /scripts/local-top .[   16.311374] Btrfs loaded
.. done.
Begin: Running /scripts/local-premount ... Scanning for Btrfs filesystems
done.
Warning: fsck not present, so sk[   16.372644] EXT4-fs (sda1): mounted filesystem with ordered data mode. Opts: (null)
ipping root file system
done.
Begin: Running /scripts/local-bottom ... done.
Begin: Running /scripts/init-bottom ... done.
[   16.498139] systemd[1]: systemd 229 running in system mode. (+PAM +AUDIT +SELINUX +IMA +APPARMOR +SMACK +SYSVINIT +UTMP +LIBCRYPTSETUP +GCRYPT +GNUTLS +ACL +XZ -LZ4 +SECCOMP +BLKID +ELFUTILS +KMOD -IDN)
[   16.586459] sysemd[1: Deteted vitualiation orcle.
  16.71857] systemd[1] Detected arcitecture 86-6.


Welcome to [1mUbuntu 16.04.6 LTS[0m!

[   16.8828] systemd[1]: Set hostnae to <ubuntu>.
[   16.958956] systemd[1]: Initializing machine ID from random generator.
[   16.960561] systemd[1]: Instlledtransint /et/machine-i file.

[   17.374596] systemd[1]: Listening on /dev/initctl Compatibility Named Pipe.
[[0;32m  OK  [0m] Listening on /dev/initctl Compatibility Named Pipe.
[   17.378992] systemd[1]: Reached target Encrypted Volumes.
[[0;32m  OK  [0m] Reached target Encrypted Volumes.
[  17.40860] systemd[1]: Listening on Journal Audit Socket.
[[0;32m  OK  [0m] Listening on Journal Audit Socket.
[  17.33830] sstemd[1: Reaced taret Swap
[[0;32m  OK  [0m] Reached target Swap.
[   18.425772] sytemd1]: Reached target Userand Gou NameLookus.
[[0;32m  OK  [0m] Reached target User and Group Name Lookups.
[   18.64175] sysemd[1: Listning n Syslg ocket.
[[0;32m  OK  [0m] Listening on Syslog Socket.
[  19.57956 sysemd[1]: Listenin on udev Contol Socket.
[[0;32m  OK  [0m] Listening on udev Control Socket.
[   1.82507] systemd1]: Litenin on Devicemapper evnt damon FFOs.
[[0;32m  OK  [0m] Listening on Device-mapper event daemon FIFOs.
[   20.317062] systemd[1]: Reached target Sysem Time ynhronizd.
[[0;32m  OK  [0m] Reached target System Time Synchronized.
[  20.09841] systemd[1]: Started Trigger rsolvconf updte fo networkd DNS. [[0;32m  OK  [0m] Started Trigger resolvconf update for networkd DNS.
[   20.754195] sytemd[1] Listning onJoural Scket (dev/lg).

[[0;32m  OK  [0m] Listening on Journal Socket (/dev/log).
[  20.963044] systed[]: Lstenig on udv Kerne Socet.
[[0;32m  OK  [0m] Listening on udev Kernel Socket.
[  21.338698] ystemd[1]: Created slice System Slice.
[[0;32m  OK  [0m] Created slice System Slice.
[   21.387361] systemd[1]: Listening on LVM2 poll daemon socket.
[[0;32m  OK  [0m] Listening on LVM2 poll daemon socket.
[   21.479749] systemd[1]: Createdslic User an Sesion Slic.
[[0;32m  OK  [0m] Created slice User and Session Slice.
[   22.488649] systemd[1]: Reached target Slices.
[[0;32m  OK  [0m] Reached target Slices.
[   22.50366] systemd[1]: Set up tomount Arbitrary ExectaleFie Fomats File Sstem AutmountPoint
[[0;32m  OK  [0m] Set up automount Arbitrary Executab...ats File System Automount Point.
[  23.29915 sysemd[1]: Strted Forard PasswordRequests t WllDiretoy Watch.
[[0;32m  OK  [0m] Started Forward Password Requests to Wall Directory Watch.
[  23.857729] systemd[1]: Liteningon LM2 metadat daemonsocke.
[[0;32m  OK  [0m] Listening on LVM2 metadata daemon socket.
[  24.33162] systmd1]: Ceated slice sytem-serial\x2dgetty.slice.
[[0;32m  OK  [0m] Created slice system-serial\x2dgetty.slice.
[  24.70078 systemd[1]: Listening on Journal Socket.
[[0;32m  OK  [0m] Listening on Journal Socket.

[   24.793391] systemd[1]: Starting Remount Root and Kernel File Systems...
         Starting Remount Root and Kernel File Systems...
[   24.799067] systemd[1]: Starting Create list of required static device nodes for the current kernel...
[   24.803330] EXT4-fs (sda1): re-mounted. Opts: (null)
         Starting Create list of required st... nodes for the current kernel...
[   24.807172] systemd[1]: Starting Set console keymap...
         Starting Set console keymap...
[   24.842467] systemd[1]: Starting Journal Service...
         Starting Journal Service...
[   24.882014] systemd[1]: Mounting POSIX Message Queue File System...
         Mounting POSIX Message Queue File System...
[   24.905832] systemd[1]: Starting Nameserver information manager...
         Starting Nameserver information manager...
[   24.909839] systemd[1]: Starting Monitoring of LVM2 mirrors, snapshots etc. using dmeventd or progress polling...
         Starting Monitoring of LVM2 mirrors... dmeventd or progress polling...
[   24.993366] systemd[1]: Mounting Huge Pages File System...
         Mounting Huge Pages File System...
[   25.59058] rndom nonlocking pool is initalized

[   25.186026] systemd[1]: Mounting Debug File System...
         Mounting Debug File System...
[   25.231010] systemd[1]: Starting Load Kernel Modules...
         Starting Load Kernel Modules...
[   25.257700] systemd[1]: Starting Uncomplicated firewall...
[   25.264038] Loading iSCSI transport class v2.0-870.
         Starting Uncompl[   25.290615] iscsi: registered transport (tcp)
icated firewall...
[   25.333938] iscsi: registered transport (iser)
[   25.333955] systemd[1]: Mounted POSIX Message Queue File System.
[[0;32m  OK  [0m] Mounted POSIX Message Queue File System.
[  25.417556] sstemd[1]: ounted Debug File System.
[[0;32m  OK  [0m] Mounted Debug File System.
[   25.522204] systemd[1]: Mounted Huge Pages File System.
[[0;32m  OK  [0m] Mounted Huge Pages File System.
[   25.582221] systemd[1]: Started Journal Service.
[[0;32m  OK  [0m] Started Journal Service.
[[0;32m  OK  [0m] Started Remount Root and Kernel File Systems.
[[0;32m  OK  [0m] Started Create list of required sta...ce nodes for the current kernel.
[[0;32m  OK  [0m] Started Set console keymap.
[[0;32m  OK  [0m] Started Load Kernel Modules.
[[0;32m  OK  [0m] Started Uncomplicated firewall.
[[0;32m  OK  [0m] Started Nameserver information manager.
[[0;32m  OK  [0m] Started LVM2 metadata daemon.
         Mounting FUSE Control File System...
         Starting Apply Kernel Variables...
         Starting Create Static Device Nodes in /dev...
         Starting Load/Save Random Seed...
         Starting udev Coldplug all Devices...
         Starting Flush Journal to Persistent Storage...
[[0;32m  OK  [0m] Mounted FUSE Control File System.
[[0;32m  OK  [0m] Started Apply Kernel Variables.
[[0;32m  OK  [0m] Started Create Static Device Nodes in /dev.
[[0;32m  OK  [0m] Started Load/Save Random Seed.
[[0;32m  OK  [0m] Started Flush Journal to Persistent Storage.
[[0;32m  OK  [0m] Started udev Coldplug all Devices.
[[0;32m  OK  [0m] Started Monitoring of LVM2 mirrors,...ng dmeventd or progress polling.
[[0;32m  OK  [0m] Reached target Local File Systems (Pre).
[[0;32m  OK  [0m] Reached target Local File Systems.
         Starting Initial cloud-init job (pre-networking)...
         Starting LSB: AppArmor initialization...
         Starting Commit a transient machine-id on disk...
         Starting Set console font and keymap...
         Starting Create Volatile Files and Directories...
         Starting Tell Plymouth To Write Out Runtime Data...
         Starting udev Kernel Device Manager...
[[0;32m  OK  [0m] Started udev Kernel Device Manager.
[[0;32m  OK  [0m] Started Commit a transient machine-id on disk.
[[0;32m  OK  [0m] Started Create Volatile Files and Directories.
[[0;32m  OK  [0m] Started Tell Plymouth To Write Out Runtime Data.
[[0;32m  OK  [0m] Found device /dev/ttyS0.
[[0;32m  OK  [0m] Listening on Load/Save RF Kill Switch Status /dev/rfkill Watch.
         Starting Update UTMP about System Boot/Shutdown...
[[0;32m  OK  [0m] Started Dispatch Password Requests to Console Directory Watch.
[[0;32m  OK  [0m] Started Set console font and keymap.
[[0;32m  OK  [0m] Started Update UTMP about System Boot/Shutdown.
[[0;32m  OK  [0m] Created slice system-getty.slice.
[   19.447529] cloud-init[460]: Cloud-init v. 18.5-45-g3554ffe8-0ubuntu1~16.04.1 running 'init-local' at Sat, 01 Jun 2019 10:25:56 +0000. Up 19.07 seconds.
[[0;32m  OK  [0m] Started Initial cloud-init job (pre-networking).
[[0;32m  OK  [0m] Started LSB: AppArmor initialization.
[[0;32m  OK  [0m] Reached target Network (Pre).
         Starting Raise network interfaces...
[[0;32m  OK  [0m] Started Raise network interfaces.
[[0;32m  OK  [0m] Reached target Network.
         Starting Initial cloud-init job (metadata service crawler)...
[   20.756255] cloud-init[947]: Cloud-init v. 18.5-45-g3554ffe8-0ubuntu1~16.04.1 running 'init' at Sat, 01 Jun 2019 10:25:57 +0000. Up 20.24 seconds.
[   20.762207] cloud-init[947]: ci-info: ++++++++++++++++++++++++++++++++++++++Net device info+++++++++++++++++++++++++++++++++++++++
[   20.766277] cloud-init[947]: ci-info: +--------+-------+----------------------------+---------------+--------+-------------------+
[   20.780978] cloud-init[947]: ci-info: | Device |   Up  |          Address           |      Mask     | Scope  |     Hw-Address    |
[   20.800689] cloud-init[947]: ci-info: +--------+-------+----------------------------+---------------+--------+-------------------+
[[0;32m  OK  [0m] Started Initial cloud-init job (metadata service crawler).
[   20.812295] cloud-init[947]: ci-info: | enp0s3 |  True |         10.0.2.15          | 255.255.255.0 | global | 02:3a:f4:24:e2:72 |
[[0;32m  OK  [0m] Reached target Network is Online.
[   20.825403] cloud-init[947]: ci-info: | enp0s3 |  True | fe80::3a:f4ff:fe24:e272/64 |       .       |  link  | 02:3a:f4:24:e2:72 |
[   20.832511] cloud-init[947]: ci-info: | enp0s8 | False |             .              |       .       |   .    | 08:00:27:d2:40:8a |
[   20.840152]          Starting iSCSI initiator daemon (iscsid)...
[[0;32m  OK  [0m] Reached target System Initialization.
cloud-init[947]: ci-info: |   lo   |  True |         127.0.0.1          |   255.0.0.0   |  host  |         .         |
[   20.857099] [[0;32m  OK  [0m] Listening on ACPID Listen Socket.
cloud-init         Starting LXD - unix socket.
[[0;32m  OK  [0m] Started Daily apt download activities.
[947]: ci-info: |   lo   |  True |          ::1/128           |       .       |  host  |         .         |
[   20.865705] [cloud-init[0;32m  OK  [0m[947]: ] ci-info: +--------+-------+----------------------------+---------------+--------+-------------------+Started Daily apt upgrade and clean activities.

[   20.866847] [[0;32m  OK  [0m] Listening on UUID daemon activation socket.
[[0;32m  OK  [0m] Listening on D-Bus System Message Bus Socket.
[[0;32m  OK  [0m] Started Daily Cleanup of Temporary Directories.
[[0;32m  OK  [0m] Reached target Timers.
         Starting Socket activation for snappy daemon.
cloud-init[947]: [[0;32m  OK  [0m] Started ACPI Events Check.
[[0;32m  OK  [0m] Reached target Paths.
[[0;32m  OK  [0m] Reached target Cloud-config availability.
ci-info: +++++++++++++++++++++++++++Route IPv4 info++++++++++++++++++++++++++++
[   20.889433] cloud-init[947]: ci-info: +-------+-------------+----------+---------------+-----------+-------+
[   20.927083] cloud-init[947]: ci-info: | Route | Destination | Gateway  |    Genmask    | Interface | Flags |
[[0;32m  OK  [0m] Listening on LXD - unix socket.
[   20.928122] [[0;32m  OK  [0m] Listening on Socket activation for snappy daemon.
[[0;32m  OK  [0m] Started iSCSI initiator daemon (iscsid).
cloud-init[947]: ci-info: +-------+-------------+----------+---------------+-----------+-------+
[   20.973058] cloud-init[947]: ci-info: |   0   |   0.0.0.0   | 10.0.2.2 |    0.0.0.0    |   enp0s3  |   UG  |
[   20.977617] cloud-init[947]: ci-info: |   1   |   10.0.2.0  | 0.0.0.0  | 255.255.255.0 |   enp0s3  |   U   |
[   20.992199]          Starting Login to default iSCSI targets...
[[0;32m  OK  [0m] Reached target Sockets.
cloud-init[947]: ci-info: +-------+-------------+----------+---------------+-----------+-------+
[   21.001494] cloud-init[[0;32m  OK  [0m] Reached target Basic System.
[947]: ci-info: +++++++++++++++++++Route IPv6 info+++++++++++++++++++
[   21.006099] cloud-init[947]: ci-info: +-------+-------------+---------+-----------+-------+
[   21.009045] cloud-init[947]: ci-info: | Route | Destination | Gateway | Interface | Flags |
[   21.011665] cloud-init[947]: ci-info: +-------+-------------+---------+-----------+-------+
[   21.036791] [cloud-init[0;32m  OK  [0m[947]: ] ci-info: |   0   |  fe80::/64  |    ::   |   enp0s3  |   U   |Started FUSE filesystem for LXC.

[   21.037938] cloud-init[947]: ci-info: |   3   |   ff00::/8  |    ::   |   enp0s3  |   U   |
[   21.066940] cloud-init[947]: ci-info: +-------+-------------+---------+-----------+-------+
[   21.072001] cloud-init[947]: Generating public/private rsa key pair.
[   21.075029] cloud-init[947]: Your identification has been saved in /etc/ssh/ssh_host_rsa_key.
         Starting LXD - container startup/shutdown...
[[0;32m  OK  [0m] Started Deferred execution scheduler.
         Starting System Logging Service...
         Starting LSB: Record successful boot for GRUB...
[   21.083870] cloud-init[947]: Your public key has been saved in /etc/ssh/ssh_host_rsa_key.pub.
         Starting LSB: MD monitoring daemon...
[   21.119957] cloud-init[947]: The key fingerprint is:
[   21.128482] cloud-init[947]: SHA256:XUqXBOm7zvHqp2gIBkuoRapZnGJ5m28UwUdexu6t520 root@ubuntu-xenial
         Starting Accounts Service...
[   21.147785] cloud-init[947]: The key's randomart image is:
[   21.149884] cloud-init[947]: +---[RSA 2048]----+
[   21.150180] cloud-init[947]: |    . ...o.o.    |
[   21.150211] cloud-init[947]: |  .  o..o... .   |
[   21.150242] cloud-init[947]: | =..  o.... +    |
[   21.150274] cloud-init[947]: |+oB. .   +.+     |
[   21.150302] cloud-init[947]: |+*.oo . S +.     |
[   21.150329] cloud-init[947]: |+ .oo.   ...     |
[   21.150356] cloud-init[947]: |   .o. .  o.     |
[   21.150409] cloud-init[947]: |     o. .+.+oE   |
[   21.150453] cloud-init[947]: |    .  ..oO=o.   |
[   21.150486] cloud-init[947]: +----[SHA256]-----+
[   21.150514] cloud-init[947]: Generating public/private dsa key pair.
[   21.150544] cloud-init[947]: Your identification has been saved in /etc/ssh/ssh_host_dsa_key.
[   21.150576] cloud-init[947]: Your public key has been saved in /etc/ssh/ssh_host_dsa_key.pub.
[   21.150608] cloud-init[947]: The key fingerprint is:
[   21.150669] cloud-init[947]: SHA256:fbM9W8ok/Rh5HILF7oaoYExF+1ySN20Oc17oxl0ohyo root@ubuntu-xenial
[   21.150711] cloud-init[947]: The key's randomart image is:
[   21.150744] cloud-init[947]: +---[DSA 1024]----+
[   21.150781] cloud-init[947]: |       .         |
[   21.150814] cloud-init[947]: |      . . . o... |
[   21.150846] cloud-init[947]: |       o o *oBo..|
[   21.150878] cloud-init[947]: |      . o.+.#oo .|
[   21.150940] cloud-init[947]: |     .  Eoo.oO o |
[   21.150973] cloud-init[947]: |    o    ...+=.o.|
[   21.151003] cloud-init[947]: |     +   . .ooB +|
[   21.151034] cloud-init[947]: |    . . .   .+ X |
[   21.151068] cloud-init[947]: |       .      = .|
[   21.151100] cloud-init[947]: +----[SHA256]-----+
[   21.151132] cloud-init[947]: Generating public/private ecdsa key pair.
[   21.151188] cloud-init[947]: Your identification has been saved in /etc/ssh/ssh_host_ecdsa_key.
[   21.151233] cloud-init[947]: Your public key has been saved in /etc/ssh/ssh_host_ecdsa_key.pub.
[   21.151266] cloud-init[947]: The key fingerprint is:
[   21.151293] cloud-init[947]: SHA256:f0GOzwd35gvau/fKFgLqYk5ylvQhuaidmqqUeOL8FS4 root@ubuntu-xenial
[   21.151324] cloud-init[947]: The key's randomart image is:
[   21.151356] cloud-init[947]: +---[ECDSA 256]---+
[   21.151388] cloud-init[947]: |                 |
[   21.151419] cloud-init[947]: |                 |
[   21.151452] cloud-init[947]: |            .    |
[   21.151483] cloud-init[947]: |       .  .+     |
[   21.151513] cloud-init[947]: |     .+ S...+ . o|
[   21.151543] cloud-init[947]: |. . .o.=.o o.+.+ |
[   21.151574] cloud-init[947]: |oo.Eoo*.. . +o...|
[   21.151603] cloud-init[947]: |+o +o*o .  .ooo..|
[   21.151635] cloud-init[947]: |++=ooo..   . =*oo|
[   21.151666] cloud-init[947]: +----[SHA256]-----+
[   21.151696] cloud-init[947]: Generating public/private ed25519 key pair.
[   21.151726] cloud-init[947]: Your identification has been saved in /etc/ssh/ssh_host_ed25519_key.
[   21.151758] cloud-init[947]: Your public key has been saved in /etc/ssh/ssh_host_ed25519_key.pub.
[   21.151789] cloud-init[947]: The key fingerprint is:
[   21.151818] cloud-init[947]: SHA256:MyJCPdkIQgKhfUef5EbhaWpWUMayvb1CIC7z93M3d5o root@ubuntu-xenial
[   21.151850] cloud-init[947]: The key's randomart image is:
[   21.151880] cloud-init[947]: +--[ED25519 256]--+
[   21.151913] cloud-init[947]: |Bo.   oo*.       |
[   21.151942] cloud-init[947]: |oo o =.O.o       |
         Starting /etc/rc.local Compatibility...
[   21.152994] cloud-init[947]: |. o * o+X        |
[   21.544805] cloud-init[947]: | . ..oo=.        |
[   21.552246]          cloud-initStarting Snappy daemon...[947]: 
|  ....=.So       |
[   21.588256] [[0;32m  OK  [0m] Started Regular background program processing daemon.
[[0;32m  OK  [0m] Started Unattended Upgrades Shutdown.
cloud-init[947]: |  o..+ .oo.      |
[   21.611103] cloud-init[947]: |   +   .   .     |
[[0;32m  OK  [0m] Started ACPI event daemon.
         Starting Virtualbox guest utils...
         Starting Login Service...
[[0;32m  OK  [0m] Started D-Bus System Message Bus.
[   21.612947] cloud-init[947]: |    . . o o o ...|
[   21.645450] cloud-init[947]: |     . ..+ . oEo |
[   21.648959] cloud-init[947]: +----[SHA256]-----+
         Starting Pollinate to seed the pseudo random number generator...
[[0;32m  OK  [0m] Started System Logging Service.
[[0;32m  OK  [0m] Started LXD - container startup/shutdown.
[[0;32m  OK  [0m] Started /etc/rc.local Compatibility.
[[0;32m  OK  [0m] Started Snappy daemon.
[[0;32m  OK  [0m] Started Login to default iSCSI targets.
[[0;32m  OK  [0m] Started LSB: Record successful boot for GRUB.
[[0;32m  OK  [0m] Started LSB: MD monitoring daemon.
[[0;32m  OK  [0m] Started Login Service.
         Starting Authenticate and Authorize Users to Run Privileged Tasks...
[[0;32m  OK  [0m] Reached target Remote File Systems (Pre).
[[0;32m  OK  [0m] Reached target Remote File Systems.
         Starting LSB: Set the CPU Frequency Scaling governor to "ondemand"...
         Starting LSB: automatic crash report generation...
         Starting Permit User Sessions...
         Starting LSB: daemon to balance interrupts for SMP systems...
         Starting Wait until snapd is fully seeded...
[[0;32m  OK  [0m] Started Virtualbox guest utils.
[[0;32m  OK  [0m] Started Permit User Sessions.
[[0;32m  OK  [0m] Started Authenticate and Authorize Users to Run Privileged Tasks.
[[0;32m  OK  [0m] Started Pollinate to seed the pseudo random number generator.
[[0;32m  OK  [0m] Started Accounts Service.
         Starting OpenBSD Secure Shell server...
         Starting Hold until boot process finishes up...
         Starting Terminate Plymouth Boot Screen...
[[0;32m  OK  [0m] Started LSB: Set the CPU Frequency Scaling governor to "ondemand".
[[0;32m  OK  [0m] Started LSB: automatic crash report generation.
[[0;32m  OK  [0m] Started LSB: daemon to balance interrupts for SMP systems.
[[0;32m  OK  [0m] Started Hold until boot process finishes up.
[[0;32m  OK  [0m] Started Terminate Plymouth Boot Screen.
[[0;32m  OK  [0m] Started OpenBSD Secure Shell server.
[[0;32m  OK  [0m] Started Serial Getty on ttyS0.
[[0;32m  OK  [0m] Started Getty on tty1.
[[0;32m  OK  [0m] Reached target Login Prompts.
         Starting Set console scheme...
[[0;32m  OK  [0m] Started Set console scheme.
[[0;32m  OK  [0m] Created slice User Slice of vagrant.
[[0;32m  OK  [0m] Started Session 1 of user vagrant.
         Starting User Manager for UID 1000...
[[0;32m  OK  [0m] Started User Manager for UID 1000.
[[0;32m  OK  [0m] Started Wait until snapd is fully seeded.
         Starting Apply the settings specified in cloud-config...
[[0;32m  OK  [0m] Reached target Multi-User System.
[[0;32m  OK  [0m] Reached target Graphical Interface.
         Starting Update UTMP about System Runlevel Changes...
[[0;32m  OK  [0m] Started Update UTMP about System Runlevel Changes.
[   23.359743] cloud-init[1384]: Generating locales (this might take a while)...
         Stopping User Manager for UID 1000...
[[0;32m  OK  [0m] Stopped User Manager for UID 1000.
[[0;32m  OK  [0m] Removed slice User Slice of vagrant.
[[0;32m  OK  [0m] Created slice User Slice of vagrant.
         Starting User Manager for UID 1000...
[[0;32m  OK  [0m] Started User Manager for UID 1000.
[[0;32m  OK  [0m] Started Session 2 of user vagrant.
[   24.083603] cloud-init[1384]:   en_US.UTF-8... done
[   24.098366] cloud-init[1384]: Generation complete.
[   24.289107] cloud-init[1384]: Cloud-init v. 18.5-45-g3554ffe8-0ubuntu1~16.04.1 running 'modules:config' at Sat, 01 Jun 2019 10:26:00 +0000. Up 23.28 seconds.
[[0;32m  OK  [0m] Started Apply the settings specified in cloud-config.
         Starting Execute cloud user/final scripts...
ci-info: no authorized ssh keys fingerprints found for user ubuntu.
<14>Jun  1 10:26:01 ec2: 
<14>Jun  1 10:26:01 ec2: #############################################################
<14>Jun  1 10:26:01 ec2: -----BEGIN SSH HOST KEY FINGERPRINTS-----
<14>Jun  1 10:26:01 ec2: 1024 SHA256:fbM9W8ok/Rh5HILF7oaoYExF+1ySN20Oc17oxl0ohyo root@ubuntu-xenial (DSA)
<14>Jun  1 10:26:01 ec2: 256 SHA256:f0GOzwd35gvau/fKFgLqYk5ylvQhuaidmqqUeOL8FS4 root@ubuntu-xenial (ECDSA)
<14>Jun  1 10:26:01 ec2: 256 SHA256:MyJCPdkIQgKhfUef5EbhaWpWUMayvb1CIC7z93M3d5o root@ubuntu-xenial (ED25519)
<14>Jun  1 10:26:01 ec2: 2048 SHA256:XUqXBOm7zvHqp2gIBkuoRapZnGJ5m28UwUdexu6t520 root@ubuntu-xenial (RSA)
<14>Jun  1 10:26:01 ec2: -----END SSH HOST KEY FINGERPRINTS-----
<14>Jun  1 10:26:01 ec2: #############################################################
-----BEGIN SSH HOST KEY KEYS-----
ecdsa-sha2-nistp256 AAAAE2VjZHNhLXNoYTItbmlzdHAyNTYAAAAIbmlzdHAyNTYAAABBBDMJWc9++WAKJO9npQZhZLAj4JifYMfa2eUFP03C3Dn0B4iGoeI2dp3rUHieBjn/kWJXpjNBrkL30akI2B8hXss= root@ubuntu-xenial
ssh-ed25519 AAAAC3NzaC1lZDI1NTE5AAAAIIs7+TCcdtOCraErREgL+4UefM6iLTEAuDCNpUwUX1dO root@ubuntu-xenial
ssh-rsa AAAAB3NzaC1yc2EAAAADAQABAAABAQCiTHYS/1M4rS+zDo6nkAnE13DYpJklM/KDbe58nVNHiGPGHeUrZ3ynX19+gqhyqiEVfVu+Ol1YmZvraCH0xtmhCNux9H9zb0e8QOCNlVB82NhGyVxIrydPMwOv/9FbWTb64zdelz7MrLYHISziFzdMt3bBahx58cHjhgLNz4+sxwVOq3QQhBA+/H08YTqOyMSu4IZJJ3HhE85sG7cczMqr61s2y5CQR7eSXXsaqivXUx3o3ZKWM5UiEjhHw8vZ7gxXxeucwxf8kQNs8kI1yDzwlzw9HfMzlkWh5v7sde91Dre5ZzxAGIHEvOIJyUMTqmI5V2Thki7sKvC+5+PHTi47 root@ubuntu-xenial
-----END SSH HOST KEY KEYS-----
         Starting Hostname Service...
[[   25.269872] cloud-init[1583]: Cloud-init v. 18.5-45-g3554ffe8-0ubuntu1~16.04.1 running 'modules:final' at Sat, 01 Jun 2019 10:26:01 +0000. Up 24.57 seconds.
[   25.305746] cloud-init[1583]: ci-info: no authorized ssh keys fingerprints found for user ubuntu.
[0;32m  OK  [0m] Started Execute cloud user/final scripts.
[[   25.305948] cloud-init[1583]: Cloud-init v. 18.5-45-g3554ffe8-0ubuntu1~16.04.1 finished at Sat, 01 Jun 2019 10:26:02 +0000. Datasource DataSourceNoCloud [seed=/dev/sdb][dsmode=net].  Up 25.26 seconds
[0;32m  OK  [0m] Started Hostname Service.
[[0;32m  OK  [0m] Reached target Cloud-init target.

Ubuntu 16.04.6 LTS ch-db01 ttyS0

ch-db01 login: 