[   0.000000] Iitiaizing cgroupsubsys cpuet
    0000000] Initializig cgroup subyscpu
[   0.000000]Initializing cgroup subsys cpuacct
[    .000000] Linux versin 4.4.0-146-eneric build@lc01-amd64-025) (gcc ersio 5.4.0 016009 (Ubuntu 5.4.06ubunu1~16.0.10) ) #172UbuntuSMP Wd Apr  09:0:08 UTC 2019 (Ubuntu 4.4.0-146.172-generic 4..17)
[    .00000] Command lin: BOOT_IMAE=/bot/vmlinu-4.4.0-146-generi rootLABELcloudimg-rootfs roconsole=tt1 consolettyS0
[    .00000] KERNEL supprtedcpus:
[   0.00000]   Intel GenuineItel[    0.000000]   AD AutheticAMD
    0.000000]   Centaur CentauHauls
[   0.000000] x86/fpu: xstate_offset[2]:  576, xstat_size[2]:  256
[    0.000000] x86/fpu: Suporting XSAVE fature 0x1:'x7 floting point register'[    0000000] x8/fpu: Supporting XSAVEfeture 0x2: 'SS registers'
[    .00000] x8/fpu:Supportin XSAVE feture 0x4:'AVX regiters'
    .00000] x8/fpu: Enabed xstae featres x7, contxt sze is832 btes, using standad' forma.
[   0.000000] e820: BIOS-provided hysical RAMmap:[    0.000000] BIOS-e20: [mem x00000000000000-0x0000000000fbff] usable
[    0.00000] BIOSe820: [mem 0x00000000000fc00-x0000000000ffff] eserved
[    .000000 BIOS-820: [mem 0x00000000000f000-00000000000ffff] resrved[   0.000000] BIOS-e820: [me 0x000000000100000-0x0000003ffeffff] uable
[    .00000] BIO-e820: [mem 0x00000003ff0000-0x00000003ffffff] ACPI data[    0.000000] BIOS-e820: [mem 0x00000000fec00000-0x00000000fec00fff] resered
    0.000000] BIOS-e820: [mem 0x00000000fee00000-0x00000000fee00fff] reserved
[    0.000000] BIOS-e820: [mem 0x00000000fffc0000-0x00000000ffffffff] reserved
[    0.000000] NX (Execute Disable) protection: active
[    0.000000] SMBIOS 2.5 present.
[    0.000000] Hypervisor detected: KVM
[   0.000000] 820: as_pfn = 0x3ff0 ma_arch_fn = x40000000

[    0.00000] MTRR:Diabled
[    0.00000]x86/PA: MTRs disabled, skipping AT iitialzation too
[    0.00000] CPU MRRs all blank - virtalized system.
[    .000000] x86/PT: Coniguraion [07]: WB  WT UC-UC  WB  WT  UC- UC 
[    0000000] found SMPMP-tabe at mem 00009fff00x009ffff mappe at [fff880000009ff0]
[    .000000 Scaning  areass for lw memoy corrution
[    .00000] RAMDISK: [mm 0x32fa000-0x37174fff]
[   0.00000] API: Erly table checksu veriicatin disbled
[    0.00000]ACPI: RSP 0x0000000000E0000 000024 (v02 VBOX  )
[    0.000000] ACPI: XSDT 0x00000003FFF030 0003 (v01 VBOX  VBOXXSDT 0000001 ASL  00000061)
[    .00000] ACPI: FACP 0x00000003FFF0F0 000F4 (v04VBOX   VBOXFACP 0000001 AL  00000061)
[    0.000000] ACPI: DSDT 0x000000003FFF0470 0021FF (v02 VBOX   VBOXBIOS 00000002 INTL 20100528
[    0.000000] ACPI: FACS 0x00000003FFF0200 000040
[    0.000000] ACPI: FACS 0x000000003FFF0200 000040
[    0.000000] ACPI: APIC 0x000000003FFF0240 00005C (v02 VBOX   VBOXAPIC 00000001 ASL  00000061)
[    0.000000] ACPI: SSDT 0x000000003FFF02A00001CC v01 VBOX   VBOXCPT 00000002 INTL 20100528)
[    0.0000] o NUMA confiuration found
[    0.00000]Faing a node at [mem 0x000000000000000-0000000003ffeffff]
[    .000000] NODE_DTA(0 allcated[mem 0x3ffeb000-x3ffeffff]
[    .00000] kv-clock: Using msrs 4564d01 ad 4b64d00
[   00.000000] kvm-clock: cu 0, mr 0:3ff3001, rimary cpu clock
    .00000] km-clock: using sched ofset f 375970508 ycles
[   .000000] clocsource: vm-cloc: maskk: 0xffffffffffffff max_cycles: 0x1cd42edffb, maxidle_ns: 881590591483 ns
[    .000000] Zone ange:
[    0.00000]   DMA     [me 0x00000000001000-0x00000000fffff]
[    .000000]   DMA3    [em 0x00000000000000-0x000000003ffeffff]
[    0.00000]  Noral   empy
[    0000000]   Devie   empy
[    .000000] Movable zon star foreach ode
[    0.000000] Earl memry node ranes
    0.000000]   node   0: [mem 0x0000000000001000-0x000000000009efff]
[    0.000000]   node   0: [em 0x0000000000100000-0x000000003ffeffff]
[    0.000000] Initmem setup node 0 [mem 0x0000000000001000-0x00000003ffeffff]
[    0.000000] ACI: PM-Timer IO Port: 0x4008
[    0.000000] IOAPIC[0]:apic_id 2, version 32, addres0xec00000, GSI 0-23
[    .0000] ACPI: INT_SRCOVR (bus 0 bu_irq 0 gobl_ir 2 dfl dfl)
[    0.000000] ACPI: INT_RC_OVR (bu 0 bus_iq 9 gobal_irq 9 low level
[    0.00000] Usin ACPI(MADT) for SMP configuration inormatio
[    .00000] smpboot: Alowing 2 CPUs,  hotpug CPU
[    0.00000] P: Reisterd nosave emory [mem0x00000000-0x0000fff]
[    0.000000] PM: Reisterd osave memor: [mem 0x0009f000-0x009ffff]
[    .00000] PM:Registered nosave memory: [mem x0000000-x000ffff]
[    0.000000 PM: Rgistred osave mmory: [mem x0000000-x000fffff]
[    0.00000] e820: [mem 0x40000000xfebffff] aailable for PCI devices
[    .000000] Boting pravirtualized kernel on KVM
[    00000] clocsource: reined-jffies: mask: 0xffffffff max_cyces: 0xffffffff, ma_idlens: 645519600211568 ns
[    0.00000] seup_percpu: NR_CPUS:512 nr_cpumask_bits:512 nr_cpu_ids:2 nr_node_ids:1
[    0.000000] PERCPU: Emedded 34 pages/cp @fff88003fc00000 s99480 r8192 d31592 u1048576
[    0.000000] Built 1 zoelists in Node order, mobility grouping on. Total pges: 25912
[    .00000] olic zone: DMA32
[    .00000] erel comman line: BOOT_IAGE=/oot/vlinuz-4.40-146-geeneriroot=LABEL=cloudim-rootf ro console=tty1 console=ttyS0[    000000] PID hash table ntries: 096 (oder: 3 32768 bytes)
[    .0000] Memory 997732K/148120K available (8609K kernelcode, 134 rwdata, 4028K rdata, 1484 init 1284K bss, 5388K reserved, 0K cma-resered)
[    0.000000] SLUB: HWalign=64,Orde=0-3 MinObjets=0, CPUs=2 Nods=1[    0.000000] Kernel/Uerpae tales isolation: enabled
[    .000000]Hierachica RCUimmplementation
[    0.00000] 	Bild-ime adjstmen of leaf fanout to 64.
[    .000000] 	RCU restricting CPUs fro NR_CPU=512to nr_pu_ids=2.
[    0.00000] RC: Adjsting geometry forrcu_fanout_leaf=64, nr_cpu_ids=2
[    .000000] R_IRQ:3302 nr_irqs:44016
[    .000000] Console: colour VGA+ 80x25
[    0.000000] cnsole [tty] enabled
[    0.000000] console [ttyS0] enabled
[    0.000000] tsc: Detected 2494.226 MHz processor
[    6.473331] Calbrating delay loop (skipped) preset value.. 4988.45 BogoMIPS (lpj=9976904)
[    6.488051] pid_max: default: 32768 minimum: 301
[   6.489551] ACPI: Core revision 20150930
[    6.503825] ACPI: 2 ACPI AML tables successfully acquired and loaded
[    6.540551] Security Framework initialized
[    6.572308] Yama: becoming mindful.
[    6.592783] AppArmor: AppArmor initialized
[    6.616505] Dentry cache hash table entries: 131072 (order: 8, 1048576 bytes)
[    6.658665] Inode-cache hash table entries: 65536 (order: 7, 524288 bytes)
[    6.716851] Mount-cache hash table entries: 2048 (order: 2, 16384 bytes)
[    6.738458] Mountpoint-cache hash table entries: 2048 (order: 2, 16384 bytes)
[    6.778435] Initializing cgroup subsys io
[    6.796950] Initializing cgroup subsys memory
[    6.816841] Initializing cgroup subsys devices
[    6.847653] Initializing cgroup subsys freezer
[    6.872878] Initializing cgroup subsys net_cls
[    6.896676] Initializing cgroup subsys perf_event
[    6.925806] Initializing cgroup subsys net_prio
[    6.947473] Initializing cgroup subsys hugetlb
[    6.977805] Initializing cgroup subsys pids
[    7.005313] mce: CPU supports 0 MCE banks
[    7.024400] Last level iTLB entries: 4KB 1024, 2MB 1024, 4MB 1024
[    7.068002] Last level dTLB entries: 4KB 1024, 2MB 1024, 4MB 1024, 1GB 4
[    7.109014] Spectre V2 : Mitigation: Full generic retpoline
[    7.157207] Spectre V2 : Spectre v2 / SpectreRSB mitigation: Filling RSB on context switch
[    7.205945] Speculative Store Bypass: Vulnerable
[    7.242694] Freeing SMP alternatives memory: 36K
[    7.273834] ftrace: allocating 32287 entries in 127 pages
[    7.356483] smpboot: APIC(0) Converting physical 0 to logical package 0
[    7.398041] smpboot: Max logical packages: 1
[    7.429019] x2apic enabled
[    7.448630] Switched APIC routing to physical x2apic.
[    7.493745] ..TIMER: vector=0x30 apic1=0 pin1=2 apic2=-1 pin2=-1
[    7.644195] smpboot: CPU0: Intel(R) Core(TM) i7-4870HQ CPU @ 2.50GHz (family: 0x6, model: 0x46, stepping: 0x1)
[    7.727900] Performance Events: unsupported p6 CPU model 70 no PMU driver, software events only.
[    7.802531] KVM setup paravirtual spinlock
[    7.825290] x86: Booting SMP configuration:
[    7.861108] .... node  #0, CPUs:      #1
[    7.897295] kvm-clock: cpu 1, msr 0:3ffe3041, secondary cpu clock
[    7.936697] mce: CPU supports 0 MCE banks
[    7.959176] x86: Booted up 1 node, 2 CPUs
[    7.981816] smpboot: Total of 2 processors activated (9976.90 BogoMIPS)
[    8.032512] devtmpfs: initialized
[    8.048836] evm: security.selinux
[    8.076640] evm: security.SMACK64
[    8.096703] evm: security.SMACK64EXEC
[    8.116586] evm: security.SMACK64TRANSMUTE
[    8.145496] evm: security.SMACK64MMAP
[    8.164174] evm: security.ima
[    8.189013] evm: security.capability
[    8.213527] clocksource: jiffies: mask: 0xffffffff max_cycles: 0xffffffff, max_idle_ns: 7645041785100000 ns
[    8.257946] futex hash table entries: 512 (order: 3, 32768 bytes)
[    8.305624] pinctrl core: initialized pinctrl subsystem
[    8.338312] RTC time:  7:44:58, date: 06/03/19
[    8.377551] NET: Registered protocol family 16
[    8.404743] cpuidle: using governor ladder
[    8.443979] cpuidle: using governor menu
[    8.460453] PCCT header not found.
[    8.483839] ACPI: bus type PCI registered
[    8.507359] acpiphp: ACPI Hot Plug PCI Controller Driver version: 0.5
[    8.533661] PCI: Using configuration type 1 for base access
[    8.585875] ACPI: Added _OSI(Module Device)
[    8.615843] ACPI: Added _OSI(Processor Device)
[    8.636616] ACPI: Added _OSI(3.0 _SCP Extensions)
[    8.668150] ACPI: Added _OSI(Processor Aggregator Device)
[    8.677732] ACPI: Executed 1 blocks of module-level executable AML code
[    8.690036] ACPI: Interpreter enabled
[    8.692618] ACPI: (supports S0 S5)
[    8.699132] ACPI: Using IOAPIC for interrupt routing
[    8.700759] PCI: Using host bridge windows from ACPI; if necessary, use "pci=nocrs" and report a bug
[    8.713461] ACPI: PCI Root Bridge [PCI0] (domain 0000 [bus 00-ff])
[    8.716297] acpi PNP0A03:00: _OSC: OS supports [ASPM ClockPM Segments MSI]
[    8.720019] acpi PNP0A03:00: _OSC: not requesting OS control; OS requires [ExtendedConfig ASPM ClockPM MSI]
[    8.722973] acpi PNP0A03:00: fail to add MMCONFIG information, can't access extended PCI configuration space under this bridge.
[    8.735802] PCI host bridge to bus 0000:00
[    8.737041] pci_bus 0000:00: root bus resource [io  0x0000-0x0cf7 window]
[    8.747254] pci_bus 0000:00: root bus resource [io  0x0d00-0xffff window]
[    8.749159] pci_bus 0000:00: root bus resource [mem 0x000a0000-0x000bffff window]
[    8.751350] pci_bus 0000:00: root bus resource [mem 0x40000000-0xfdffffff window]
[    8.753590] pci_bus 0000:00: root bus resource [bus 00-ff]
[    8.758152] pci 0000:00:01.1: legacy IDE quirk: reg 0x10: [io  0x01f0-0x01f7]
[    8.787808] pci 0000:00:01.1: legacy IDE quirk: reg 0x14: [io  0x03f6]
[    8.828795] pci 0000:00:01.1: legacy IDE quirk: reg 0x18: [io  0x0170-0x0177]
[    8.868843] pci 0000:00:01.1: legacy IDE quirk: reg 0x1c: [io  0x0376]
[    8.894305] pci 0000:00:07.0: quirk: [io  0x4000-0x403f] claimed by PIIX4 ACPI
[    8.943558] pci 0000:00:07.0: quirk: [io  0x4100-0x410f] claimed by PIIX4 SMB
[    9.013055] ACPI: PCI Interrupt Link [LNKA] (IRQs 5 9 10 *11)
[    9.051954] ACPI: PCI Interrupt Link [LNKB] (IRQs 5 9 *10 11)
[    9.096870] ACPI: PCI Interrupt Link [LNKC] (IRQs 5 *9 10 11)
[    9.125293] ACPI: PCI Interrupt Link [LNKD] (IRQs 5 9 10 *11)
[    9.167577] ACPI: Enabled 2 GPEs in block 00 to 07
[    9.207961] vgaarb: setting as boot device: PCI:0000:00:02.0
[    9.238219] vgaarb: device added: PCI:0000:00:02.0,decodes=io+mem,owns=io+mem,locks=none
[    9.280074] vgaarb: loaded
[    9.294869] vgaarb: bridge control possible 0000:00:02.0
[    9.336038] SCSI subsystem initialized
[    9.362574] ACPI: bus type USB registered
[    9.390453] usbcore: registered new interface driver usbfs
[    9.430624] usbcore: registered new interface driver hub
[    9.475195] usbcore: registered new device driver usb
[    9.508363] PCI: Using ACPI for IRQ routing
[    9.530389] NetLabel: Initializing
[    9.547990] NetLabel:  domain hash size = 128
[    9.566554] NetLabel:  protocols = UNLABELED CIPSOv4
[    9.596447] NetLabel:  unlabeled traffic allowed by default
[    9.622858] amd_nb: Cannot enumerate AMD northbridges
[    9.657948] clocksource: Switched to clocksource kvm-clock
[   9.01888]AppAror: ppArmor Filesystem Enabled
[    9.811851] pnp: PnPACPI init
[    9.837537] pnp: PnP ACPI: found 3 devices

[    9.852279] clocksource: api_pm: mask: 0xffffff max_cycles: 0xffffff, max_idle_ns: 2085701024 ns
[    9.876853] NET: Registered protocol family 2

[    9.878136] TCP established hash table entries: 8192 (order: 4, 65536 bytes)
[    9.879907] TCP bind hash table entries: 8192 (order: 5, 131072 bytes)
[    9.881701] TCP: Hash tables cnfigre (esablished 19 bnd 892)
   10.5803] UDP ash able etries:512 (oder: 2, 1634 byte)
[   1028326] UDPLite has tabl etrie: 512 order: 2, 1684 bytes)[   10.49889] NT:Regisered protocol famly 1[   10.649278] pci 0000:00:00.0: Limiting direct PC/PCItrnsfes
[   10760313] pc 0000:00:010:Activting SA DM han workarounds
[   10.934752] Unpacking initramfs...

[  11.131514] Freeing initrd memory: 14828K
[   11.5412] pltform rtc_cmos: registered latformRTC deice no PN device found)
[   1.387205] Scaning for low memor coruption every 60 sconds

[   11.496855] audit: initializing netlink subsys (disabled)
[   11.527133] audit: type=2000 audit(1559547897.322:1): initialized
[   11.578516] Initialise system trusted keyring
[   11.604232] HugeTLB registered 2 MB page size, pre-allocated 0 pages
[   11.65164] zbud: loded

[   11.724774] VS: Dik quotas dquot_6.6.0
[   11.71741] FS: Dquotcachehash table entries: 512 order 0 4096 btes)
[   1.92379] sqashf: verion 4.0 (2009/0/31) Phillip Logher

[   2.085763] fuse init (API version 7.23)

[   12.116749] Key type big_key registered
[   12.18724] Allocating IMA MOK and blacklist keyrins.
   12.179079] tsc: Refined TSC clocksource calibration: 2495.18 MHz

[   12.227375] clocksource: tsc: mask: 0xffffffffffffffff max_cycles: 0x23f77452c9d, max_idle_ns: 440795240615 ns
[   12.234049] Key type asymmetric registered
[   12.235458] Asymmetric key parser 'x509' registered
[   12.237208] Block layer SCSI generic (bsg) driver version 0.4 loaded (major 249)
[   12.242673] io scheduler noop registered
[   12.246996] io scheduler deadline registered (default)
[   12.251754] io scheduler cfq registered
[   12.271152] pci_hotplug: PCI Hot Plug PCI Core version: 0.5
[   12.273035] pciehp: PCI Express Hot Plug Controller Driver version: 0.4
[   12.275108] ACPI: AC Adapter [AC] (on-line)
[   12.276221] input: Power Button as /devices/LNXSYSTM:00/LNXPWRBN:00/input/input0
[   12.278090] ACPI: Power Button [PWRF]
[   12.279151] input: Sleep Button as /devices/LNXSYSTM:00/LNXSLPBN:00/input/input1
[   12.281007] ACPI: Sleep Button [SLPF]
[   12.283255] ACPI: Battery Slot [BAT0] (battery present)
[   12.284722] GHES: HEST is not enabled!
[   12.285856] Serial: 8250/16550 driver, 32 ports, IRQ sharing enabled
[   12.353056] 00:02: ttyS0 at I/O 0x3f8 (irq = 4, base_baud = 115200) is a 16550A
[   12.403964] Linux agpgart interface v0.103
[   12.433324] loop: module loaded
[   12.434872] scsi host0: ata_piix
[   12.435922] scsi host1: ata_piix
[   12.466513] ata1: PATA max UDMA/33 cmd 0x1f0 ctl 0x3f6 bmdma 0xd000 irq 14
[   12.525575] ata2: PATA max UDMA/33 cmd 0x170 ctl 0x376 bmdma 0xd008 irq 15
[   12.559498] libphy: Fixed MDIO Bus: probed
[   12.567404] tun: Universal TUN/TAP device driver, 1.6
[   12.598309] tun: (C) 1999-2004 Max Krasnyansky <maxk@qualcomm.com>
[   12.667671] PPP generic driver version 2.4.2
[   12.719164] ehci_hcd: USB 2.0 'Enhanced' Host Controller (EHCI) Driver
[   12.779697] ehci-pci: EHCI PCI platform driver
[   12.818457] ehci-platform: EHCI generic platform driver
[   12.867222] ohci_hcd: USB 1.1 'Open' Host Controller (OHCI) Driver
[   12.912857] ohci-pci: OHCI PCI platform driver
[   12.942634] ohci-platform: OHCI generic platform driver
[   12.987865] uhci_hcd: USB Universal Host Controller Interface driver
[   13.058902] i8042: PNP: PS/2 Controller [PNP0303:PS2K,PNP0f03:PS2M] at 0x60,0x64 irq 1,12
[   13.132334] serio: i8042 KBD port at 0x60,0x64 irq 1
[   13.170980] serio: i8042 AUX port at 0x60,0x64 irq 12
[   13.191690] mousedev: PS/2 mouse device common for all mice
[   13.206369] rtc_cmos rtc_cmos: rtc core: registered rtc_cmos as rtc0
[   13.210982] input: AT Translated Set 2 keyboard as /devices/platform/i8042/serio0/input/input2
[   13.215539] rtc_cmos rtc_cmos: alarms up to one day, 114 bytes nvram
[   13.218888] i2c /dev entries driver
[   13.221349] device-mapper: uevent: version 1.0.3
[   13.236515] device-mapper: ioctl: 4.34.0-ioctl (2015-10-28) initialised: dm-devel@redhat.com
[   13.239372] ledtrig-cpu: registered to indicate activity on CPUs
[   13.247416] NET: Registered protocol family 10
[   13.249139] NET: Registered protocol family 17
[   13.254896] Key type dns_resolver registered
[   13.256763] registered taskstats version 1
[   13.258182] Loading compiled-in X.509 certificates
[   13.260145] Loaded X.509 cert 'Build time autogenerated kernel key: 4dcb2dc2c7cf43e0c20c44384f68683c20294489'
[   13.269535] zswap: loaded using pool lzo/zbud
[   13.280942] Key type trusted registered
[   13.307864] Key type encrypted registered
[   13.346462] AppArmor: AppArmor sha1 policy hashing enabled
[   13.363342] ima: No TPM chip found, activating TPM-bypass!
[   13.394726] ima: Allocated hash algorithm: sha1
[   13.46500] evm: HMAC attrs: 0x1

[   3.454577]  Magic nmber: 7648:22
[   1.56253] blck lop2: hah matches

[   13.670282 rtc_mos rt_cmos: settng system clock o 019-6-03 07:45:03 TC(15554790)

[   13.97719]BIOSEDD acilty v016 2004-Ju-25, 0 devies found
[   14124087] ED informaton no available.
[   14.233810] Freeing unused kernel memory: 1484K
[   14.928327] Write protecting the kernel read-only data: 14336k
[   15.653216] Freeing unused kernel memory: 1620K
[   15.839027] Freeing unused kernel memory: 68K
Loading, please wait...
starting version[   16.274375] random: systemd-udevd: uninitialized urandom read (16 bytes read, 5 bits of entropy available)
 229
[   16.274661] random: udevadm: uninitialized urandom read (16 bytes read, 5 bits of entropy available)
[   16.274676] random: udevadm: uninitialized urandom read (16 bytes read, 5 bits of entropy available)
[   16.280791] random: udevadm: uninitialized urandom read (16 bytes read, 5 bits of entropy available)
[   16.280824] random: udevadm: uninitialized urandom read (16 bytes read, 5 bits of entropy available)
[   16.280926] random: udevadm: uninitialized urandom read (16 bytes read, 5 bits of entropy available)
[   16.280963] random: udevadm: uninitialized urandom read (16 bytes read, 5 bits of entropy available)
[   16.281000] random: udevadm: uninitialized urandom read (16 bytes read, 5 bits of entropy available)
[   16.281036] random: udevadm: uninitialized urandom read (16 bytes read, 5 bits of entropy available)
[   16.281071] random: udevadm: uninitialized urandom read (16 bytes read, 5 bits of entropy available)
[   16.639167] Fusion MPT base driver 3.04.20
[   16.642773] Copyright (c) 1999-2008 LSI Corporation
[   16.683181] e1000: Intel(R) PRO/1000 Network Driver - version 7.3.21-k8-NAPI
[   16.727377] e1000: Copyright (c) 1999-2006 Intel Corporation.
[   16.747229] AVX2 version of gcm_enc/dec engaged.
[   16.778618] AES CTR mode by8 optimization enabled
[   16.826079] Fusion MPT SPI Host driver 3.04.20
[   17.047765] input: ImExPS/2 Generic Explorer Mouse as /devices/platform/i8042/serio1/input/input4
[   17.204940] e1000 0000:00:03.0 eth0: (PCI:33MHz:32-bit) 02:3a:f4:24:e2:72
[   17.213403] e1000 0000:00:03.0 eth0: Intel(R) PRO/1000 Network Connection
[   17.215767] mptbase: ioc0: Initiating bringup
[   17.316430] ioc0: LSI53C1030 A0: Capabilities={Initiator}
[   18.591064] scsi host2: ioc0: LSI53C1030 A0, FwRev=00000000h, Ports=1, MaxQ=256, IRQ=20
[   19.239744] scsi 2:0:0:0: Direct-Access     VBOX     HARDDISK         1.0  PQ: 0 ANSI: 5
[   19.308473] scsi target2:0:0: Beginning Domain Validation
[   19.344860] scsi target2:0:0: Domain Validation skipping write tests
[   19.346572] scsi target2:0:0: Ending Domain Validation
[   19.349055] scsi target2:0:0: asynchronous
[   19.362647] scsi 2:0:1:0: Direct-Access     VBOX     HARDDISK         1.0  PQ: 0 ANSI: 5
[   19.379016] scsi target2:0:1: Beginning Domain Validation
[   19.383657] scsi target2:0:1: Domain Validation skipping write tests
[   19.418605] scsi target2:0:1: Ending Domain Validation
[   19.438158] scsi target2:0:1: asynchronous
[   19.474733] sd 2:0:0:0: Attached scsi generic sg0 type 0
[   19.499052] sd 2:0:0:0: [sda] 20971520 512-byte logical blocks: (10.7 GB/10.0 GiB)
[   19.550765] sd 2:0:1:0: [sdb] 20480 512-byte logical blocks: (10.5 MB/10.0 MiB)
[   19.588959] sd 2:0:1:0: Attached scsi generic sg1 type 0
[   19.595335] sd 2:0:0:0: [sda] Write Protect is off
[   19.598781] sd 2:0:1:0: [sdb] Write Protect is off
[   19.628472] sd 2:0:0:0: [sda] Incomplete mode parameter data
[   19.646060] sd 2:0:0:0: [sda] Assuming drive cache: write through
[   19.694430] sd 2:0:1:0: [sdb] Incomplete mode parameter data
[   19.698289]  sda: sda1
[   19.699512] sd 2:0:0:0: [sda] Attached SCSI disk
[   19.771206] sd 2:0:1:0: [sdb] Assuming drive cache: write through
[   19.771594] e1000 0000:00:08.0 eth1: (PCI:33MHz:32-bit) 08:00:27:ba:a3:95
[   19.771597] e1000 0000:00:08.0 eth1: Intel(R) PRO/1000 Network Connection
[   19.827132] e1000 0000:00:03.0 enp0s3: renamed from eth0
[   19.910613] sd 2:0:1:0: [sdb] Attached SCSI disk
[   19.915204] e1000 0000:00:08.0 enp0s8: renamed from eth1
Begin: Loading essential drivers[   21.221880] md: linear personality registered for level -1
 ... [   21.259917] md: multipath personality registered for level -4
[   21.309106] md: raid0 personality registered for level 0
[   21.325108] md: raid1 personality registered for level 1
[   21.398057] raid6: sse2x1   gen() 11049 MB/s
[   21.478015] raid6: sse2x1   xor()  8631 MB/s
[   21.546142] raid6: sse2x2   gen() 14021 MB/s
[   21.637715] raid6: sse2x2   xor()  9931 MB/s
[   21.726131] raid6: sse2x4   gen() 16302 MB/s
[   21.810182] raid6: sse2x4   xor() 11205 MB/s
[   21.917804] raid6: avx2x1   gen() 22512 MB/s
[   22.006990] raid6: avx2x2   gen() 24708 MB/s
[   22.086100] raid6: avx2x4   gen() 27864 MB/s
[   22.112150] raid6: using algorithm avx2x4 gen() 27864 MB/s
[   22.124514] raid6: using avx2x2 recovery algorithm
[   22.130387] xor: automatically using best checksumming function:
[   22.190094]    avx       : 25861.000 MB/sec
[   22.200472] async_tx: api initialized (async)
[   22.214102] md: raid6 personality registered for level 6
[   22.224953] md: raid5 personality registered for level 5
[   22.226540] md: raid4 personality registered for level 4
[   22.235244] md: raid10 personality registered for level 10
done.
Begin: Running /scripts/init-premount ... done.
Begin: Mounting root file system ... Begin: Running /scripts/local-top ... done.
Begin: Running /scripts/local-premount [   22.266687] Btrfs loaded
... Scanning for Btrfs filesystems
done.
Warning: fsck not present, so skipping root file system
[   22.317244] EXT4-fs (sda1): mounted filesystem with ordered data mode. Opts: (null)
done.
Begin: Running /scripts/local-bottom ... done.
Begin: Running /scripts/init-bottom ... done.
[   22.427939] systemd[1]: systemd 229 running in system mode. (+PAM +AUDIT +SELINUX +IMA +APPARMOR +SMACK +SYSVINIT +UTMP +LIBCRYPTSETUP +GCRYPT +GNUTLS +ACL +XZ -LZ4 +SECCOMP +BLKID +ELFUTILS +KMOD -IDN)
[   22.463609] systemd[1]: Detected virtualization oracle.
[   22.482623] systemd[1]: Detected architecture x86-64.

Welcome to [1mUbuntu 16.04.6 LTS[0m!

[   22.523592] systemd[1]: Set hostname to <ubuntu>.
[   22.540730] systemd[1]: Initializing machine ID from random generator.
[   22.570721] systemd[1]: Installed transient /etc/machine-id file.
[   22.714006] systemd[1]: Listening on udev Control Socket.
[[0;32m  OK  [0m] Listening on udev Control Socket.
[   22.766866] systemd[1]: Listenig on /dv/inittl Cmpatiilty Nmed Pipe.

[[0;32m  OK  [0m] Listening on /dev/initctl Compatibility Named Pipe.
[  22.95481 sysemd[1]: Listning on Jornal Socket

[[0;32m  OK  [0m] Listening on Journal Socket.
[   23.118927] systemd[1]: Reached target Swap.
[[0;32m  OK  [0m] Reached target Swap.
[   23.158677 systmd[1] CCreated slice User and Session Slice.
[[0;32m  OK  [0m] Created slice User and Session Slice.
[  23.258583] systed[1]: Set up utomount Arbitrary Executable Fie Formats File System Automount Point.

[[0;32m  OK  [0m] Set up automount Arbitrary Executab...ats File System Automount Point.
[   23.359008] systemd[1]: Reached target System Time Synchronized.
[[0;32m  OK  [0m] Reached target System Time Synchronized.
[   23.370032] systemd[1]: Created slice System Slice.
[[0;32m  OK  [0m] Created slice System Slice.
[   23.430132] systemd[1]: Mounting Debug File System...
         Mounting Debug File System...
[   23.478724] systemd[1]: Reached target Slices.
[[0;32m  OK  [0m] Reached target Slices.
[   23.538691] systemd[1]: Starting Uncomplicated firewall...
         Starting Uncomplicated firewall...
[   23.580069] systemd[1]: Mounting POSIX Message Queue File System...
         Mounting POSIX Message Queue File System...
[   23.646614] systemd[1]: Starting Create list of required static device nodes for the current kernel...
         Starting Create list of required st... nodes for the current kernel...
[   23.754835] systemd[1]: Starting Set console keymap...
         Starting Set console keymap...
[   23.787014] systemd[1]: Starting Nameserver information manager...
         Starting Nameserver information manager...
[   23.832192] systemd[1]: Starting Remount Root and Kernel File Systems...
         Starting Remount[   23.887607] EXT4-fs (sda1): re-mounted. Opts: (null)
 Root and Kernel File Systems...
[   23.934666] systemd[1]: Starting Load Kernel Modules...
         Starting Load Kernel Modules...
[   23.953389] systemd[1]: Listening on Journal Socket (/dev/log).
[[0;32m  OK  [0m] Listening on [   23.958990] Loading iSCSI transport class v2.0-870.
Journal Socket ([   24.000879] random: nonblocking pool is initialized
/dev/log).
[   24.054709] iscsi: registered transport (tcp)
[   24.054836] systemd[1]: Created slice system-serial\x2dgetty.slice.
[[0;32m  OK  [0m] Created slice system-serial\x2dgetty.slice.
[   24.190362] systemd[1]: Listening on LVM2 poll daemon socket.
[[0;32m  OK  [0m] Listening on [   24.244561] iscsi: registered transport (iser)
LVM2 poll daemon socket.
[   24.298973] systemd[1]: Mounting Huge Pages File System...
         Mounting Huge Pages File System...
[  24.50925] sstemd[1]: Reahed target Encrypted Volumes.
[[0;32m  OK  [0m] Reached target Encrypted Volumes.
[   24.447590] sysemd[1]: Listening on SysogSocket.
[[0;32m  OK  [0m] Listening on Syslog Socket.
[   24.843063] sstemd[1]:Listning n ude Kernel Soket.

[[0;32m  OK  [0m] Listening on udev Kernel Socket.
[   25.00188] ystem[1]: Litenin on Jurna AuditSockt.
[[0;32m  OK  [0m] Listening on Journal Audit Socket.
[   25.258554] systemd[1]: Starting Journal Service...
         Starting Journal Service...
[   25.285754] systemd[1]: Reached target User and Group Name Lookups.
[[0;32m  OK  [0m] Reached target User and Group Name Lookups.
[   25.289541] systemd[1]: Listening on LVM2 metadata daemon socket.
[[0;32m  OK  [0m] Listening on LVM2 metadata daemon socket.
[   25.307048] systemd[1]: isteningon Dvie-mapper event daemon FIFOs.
[[0;32m  OK  [0m] Listening on Device-mapper event daemon FIFOs.
[   25.810792] systemd[1]: Starting Monitoring of LVM2 mirrors, snapshots etc. using dmeventd or progress polling...
         Starting Monitoring of LVM2 mirrors... dmeventd or progress polling...
[  2.90950] systemd[1]: Started Trigger resolconfupdate for networkd DNS.
[[0;32m  OK  [0m] Started Trigger resolvconf update for networkd DNS.
[   26.08328] systemd[1]: Startd orward assword equest to Wall Directory Watch.
[[0;32m  OK  [0m] Started Forward Password Requests to Wall Directory Watch.
[   26.731045] systemd[1]: Mounted POSIX Message Queue File System.
[[0;32m  OK  [0m] Mounted POSIX Message Queue File System.
[  26.75896 systemd[1]: Moute Debu File System.

[[0;32m  OK  [0m] Mounted Debug File System.
[   26.34654] sysem[1]: Munted ug Pages Fil System.

[[0;32m  OK  [0m] Mounted Huge Pages File System.
[   27.110996] systemd[1]: Strted Joural Seric.

[[0;32m  OK  [0m] Started Journal Service.
[[0;32m  OK  [0m] Started Uncomplicated firewall.
[[0;32m  OK  [0m] Started Create list of required sta...ce nodes for the current kernel.
[[0;32m  OK  [0m] Started Set console keymap.
[[0;32m  OK  [0m] Started Remount Root and Kernel File Systems.
[[0;32m  OK  [0m] Started Load Kernel Modules.
[[0;32m  OK  [0m] Started Nameserver information manager.
[[0;32m  OK  [0m] Started LVM2 metadata daemon.
         Starting Apply Kernel Variables...
         Mounting FUSE Control File System...
         Starting Load/Save Random Seed...
         Starting udev Coldplug all Devices...
         Starting Create Static Device Nodes in /dev...
         Starting Flush Journal to Persistent Storage...
[[0;32m  OK  [0m] Mounted FUSE Control File System.
[[0;32m  OK  [0m] Started Apply Kernel Variables.
[[0;32m  OK  [0m] Started Load/Save Random Seed.
[[0;32m  OK  [0m] Started Create Static Device Nodes in /dev.
[[0;32m  OK  [0m] Started udev Coldplug all Devices.
[[0;32m  OK  [0m] Started Flush Journal to Persistent Storage.
         Starting udev Kernel Device Manager...
[[0;32m  OK  [0m] Started udev Kernel Device Manager.
[[0;32m  OK  [0m] Started Dispatch Password Requests to Console Directory Watch.
[[0;32m  OK  [0m] Found device /dev/ttyS0.
[[0;32m  OK  [0m] Started Monitoring of LVM2 mirrors,...ng dmeventd or progress polling.
[[0;32m  OK  [0m] Listening on Load/Save RF Kill Switch Status /dev/rfkill Watch.
[[0;32m  OK  [0m] Reached target Local File Systems (Pre).
[[0;32m  OK  [0m] Reached target Local File Systems.
         Starting Commit a transient machine-id on disk...
         Starting LSB: AppArmor initialization...
         Starting Create Volatile Files and Directories...
         Starting Initial cloud-init job (pre-networking)...
         Starting Tell Plymouth To Write Out Runtime Data...
         Starting Set console font and keymap...
[[0;32m  OK  [0m] Started Commit a transient machine-id on disk.
[[0;32m  OK  [0m] Started Create Volatile Files and Directories.
[[0;32m  OK  [0m] Started Tell Plymouth To Write Out Runtime Data.
         Starting Update UTMP about System Boot/Shutdown...
[[0;32m  OK  [0m] Started Update UTMP about System Boot/Shutdown.
[[0;32m  OK  [0m] Started Set console font and keymap.
[[0;32m  OK  [0m] Created slice system-getty.slice.
[[0;32m  OK  [0m] Started LSB: AppArmor initialization.
[   20.076119] cloud-init[628]: Cloud-init v. 18.5-45-g3554ffe8-0ubuntu1~16.04.1 running 'init-local' at Mon, 03 Jun 2019 07:45:18 +0000. Up 19.78 seconds.
[[0;32m  OK  [0m] Started Initial cloud-init job (pre-networking).
[[0;32m  OK  [0m] Reached target Network (Pre).
         Starting Raise network interfaces...
[[0;32m  OK  [0m] Started Raise network interfaces.
[[0;32m  OK  [0m] Reached target Network.
         Starting Initial cloud-init job (metadata service crawler)...
[   21.172975] cloud-init[945]: Cloud-init v. 18.5-45-g3554ffe8-0ubuntu1~16.04.1 running 'init' at Mon, 03 Jun 2019 07:45:19 +0000. Up 20.62 seconds.
[   21.233086] cloud-init[945]: ci-info: ++++++++++++++++++++++++++++++++++++++Net device info+++++++++++++++++++++++++++++++++++++++
[[0;32m  OK  [0m] Started Initial cloud-init job (metadata service crawler).
[   21.233954] cloud-init[945]: ci-info: +--------+-------+----------------------------+---------------+--------+-------------------+
[   21.329019] cloud-init[945]: ci-info: | Device |   Up  |          Address           |      Mask     | Scope  |     Hw-Address    |
[[0;32m  OK  [0m] Reached target System Initialization.
[   21.329833] cloud-init[945]: ci-info: +--------+-------+----------------------------+---------------+--------+-------------------+
[   21.429537] cloud-init[945]: ci-info: | enp0s3 |  True |         10.0.2.15          | 255.255.255.0 | global | 02:3a:f4:24:e2:72 |
[[0;32m  OK  [0m] Listening on D-Bus System Message Bus Socket.
[   21.430542] cloud-init[945]: ci-info: | enp0s3 |  True | fe80::3a:f4ff:fe24:e272/64 |       .       |  link  | 02:3a:f4:24:e2:72 |
[   21.476403] cloud-init[945]: ci-info: | enp0s8 | False |             .              |       .       |   .    | 08:00:27:ba:a3:95 |
[   21.477053] cloud-init[945]: ci-info: |   lo   |  True |         127.0.0.1          |   255.0.0.0   |  host  |         .         |
[   21.481493] cloud-init[945]: [ci-info: |   lo   |  True |          ::1/128           |       .       |  host  |         .         |[0;32m  OK  [0m
] Listening on ACPID Listen Socket.
[[   21.483576] cloud-init[945]: ci-info: +--------+-------+----------------------------+---------------+--------+-------------------+
[0;32m  OK  [0m] Started Daily Cleanup of Temporary Directories.
[   21.610911] cloud-init[945]: ci-info: +++++++++++++++++++++++++++Route IPv4 info++++++++++++++++++++++++++++
[   21.721259] cloud-init[945]: ci-info: +-------+-------------+----------+---------------+-----------+-------+
[   21.722260] cloud-init[945]: ci-info: | Route | Destination | Gateway  |    Genmask    | Interface | Flags |
[[0;32m  OK  [0m] Started Daily apt download activities.
[   21.723075] cloud-init[945]: ci-info: +-------+-------------+----------+---------------+-----------+-------+
[   21.905854] cloud-init[945]: ci-info: |   0   |   0.0.0.0   | 10.0.2.2 |    0.0.0.0    |   enp0s3  |   UG  |
         Starting Socket activation for snappy daemon.
[   21.906519] cloud-init[945]: ci-info: |   1   |   10.0.2.0  | 0.0.0.0  | 255.255.255.0 |   enp0s3  |   U   |
[   22.004830] cloud-init[945]: ci-info: +-------+-------------+----------+---------------+-----------+-------+
[[0;32m  OK  [0m] Started Daily apt upgrade and clean activities.
[   22.005511] cloud-init[945]: ci-info: +++++++++++++++++++Route IPv6 info+++++++++++++++++++
[   22.093461] cloud-init[945]: ci-info: +-------+-------------+---------+-----------+-------+
[[0;32m  OK  [0m] Reached target Timers.
[   22.094368] cloud-init[945]: ci-info: | Route | Destination | Gateway | Interface | Flags |
[   22.132378] cloud-init[945]: ci-info: +-------+-------------+---------+-----------+-------+
[   22.132875] cloud-init[945]: ci-info: |   0   |  fe80::/64  |    ::   |   enp0s3  |   U   |
[[0;32m  OK  [0m] Started ACPI Events Check.
[   22.133737] cloud-init[945]: ci-info: |   3   |   ff00::/8  |    ::   |   enp0s3  |   U   |
[   22.148914] cloud-init[945]: ci-info: +-------+-------------+---------+-----------+-------+
[[0;32m  OK  [0m] Reached target Paths.
[   22.149155] cloud-init[945]: Generating public/private rsa key pair.
[   22.181035] cloud-init[945]: Your identification has been saved in /etc/ssh/ssh_host_rsa_key.
[   22.181626] cloud-init[945]: Your public key has been saved in /etc/ssh/ssh_host_rsa_key.pub.
[   22.184758] cloud-init[945]: The key fingerprint is:
[   22.185021] cloud-init         [945]: Starting LXD - unix socket.SHA256:3B7zneAv48J0tXb+7j5tQ1gHxxp3v5theg4n3hwh0Dk root@ubuntu-xenial

[   22.185424] cloud-init[945]: The key's randomart image is:
[   22.194258] cloud-init[945]: +---[RSA 2048]----+
[[0;32m  OK  [0m] Listening on UUID daemon activation socket.
[   22.196122] cloud-init[945]: |               . |
[[   22.201461] cloud-init[945]: |            . + =|
[0;32m  OK  [0m[   22.203344] cloud-init[945]: |           . E *o|
] Reached target Cloud-config availability.
[   22.204443] cloud-init[945]: |       . .  . +.o|
[   22.210093] cloud-init[945]: |        S + .oooo|
[   22.212655] cloud-init[945]: |         ..=.++*o|
[   22.213484] cloud-init[945]: |         o..o+*==|
[   22.214946] cloud-init[945]: |          o +o**=|
[   22.215775] cloud-init[945]: |           o.++OO|
[[0;32m  OK  [0m] Reached target Network is Online.
[   22.217237] cloud-init[945]: +----[SHA256]-----+
[   22.292331] cloud-init[945]: Generating public/private dsa key pair.
[   22.292799] cloud-init[945]: Your identification has been saved in /etc/ssh/ssh_host_dsa_key.
         Starting iSCSI initiator daemon (iscsid)...
[   22.293260] cloud-init[945]: Your public key has been saved in /etc/ssh/ssh_host_dsa_key.pub.
[   22.428999] cloud-init[945]: The key fingerprint is:
[[0;32m  OK  [0m] Listening on Socket activation for snappy daemon.
[   22.429681] cloud-init[945]: SHA256:Xbgd5eZjD7i0ZYv4AXEszADi/jcOUCuEW3+rIQmgBGI root@ubuntu-xenial
[   22.497127] cloud-init[945]: The key's randomart image is:
[[0;32m  OK  [0m[   22.498197] ] cloud-initListening on LXD - unix socket.[945]: 
+---[DSA 1024]----+
[   22.498857] cloud-init[945]: |oE  . ...     .  |
[   22.628885] cloud-init[945]: |+  o .   + o o   |
[[0;32m  OK  [0m] [   22.629866] Started iSCSI initiator daemon (iscsid).cloud-init
[945]: |... + .   * = o  |
[   22.630522] cloud-init[945]: |o. = o . . B =   |
[   22.717177] cloud-init[945]: |. o + o S + + B  |
         Starting Login to default iSCSI targets...
[[0;32m  OK  [0m] Reached target Sockets.
[[0;32m  OK  [0m] Reached target Basic System.
[   22.747959] cloud-init[945]: |   . = . . + B = |
[   22.832627] cloud-init[945]: |    o + + . = . .|
         Starting Snappy daemon...
[   22.833638] cloud-init[945]: |     . * . . .   |
[   22.847557] cloud-init[945]: |      . .   .    |
[   22.848003] cloud-init[945]: +----[SHA256]-----+
[   22.849109] cloud-init[945]: Generating public/private ecdsa key pair.
[   22.849740] cloud-init[945]: Your identification has been saved in /etc/ssh/ssh_host_ecdsa_key.
[   22.851460] cloud-init[945]: Your public key has been saved in /etc/ssh/ssh_host_ecdsa_key.pub.
[   22.852798] cloud-init[945]: The key fingerprint is:
[   22.854538] cloud-init[945]: SHA256:iUPlEhWRYgFntiuC4zz8TmUf4c2Ys9XUduuQ2Qj8G+Q root@ubuntu-xenial
[   22.855070] cloud-init[945]: The key's randomart image is:
[   22.857112] cloud-init[945]: +---[ECDSA 256]---+
[   22.857689] cloud-init[945]: |    ..*o=+       |
[[0;32m  OK  [0m] Started Deferred execution scheduler.
[   22.857725] cloud-init[945]: |     +o=. . .    |
[   22.865635] cloud-init[945]: |     .+o.  + + . |
[   22.872971] cloud-init[945]: | .   ..+*.o * * .|
[   22.874667] cloud-init[945]: |o . .o+*S+ . E o |
         [   22.882824] cloud-init[945]: |+. .o...=     =  |
[   22.883591] cloud-init[945]: | = .   o     . . |
[   22.884878] cloud-init[945]: |  +              |
[   22.885598] Starting Accounts Service...
cloud-init[945]: |  .o             |
         [   22.903762] cloud-init[945]: +----[SHA256]-----+
[   22.904642] cloud-init[945]: Generating public/private ed25519 key pair.
[   22.905727] cloud-initStarting /etc/rc.local Compatibility...[945]: 
Your identification has been saved in /etc/ssh/ssh_host_ed25519_key.
[   22.916580] cloud-init[945]: Your public key has been saved in /etc/ssh/ssh_host_ed25519_key.pub.
[   22.917027] cloud-init[945]: The key fingerprint is:
         Starting System Logging Service...
[   22.919158] cloud-init[945]: SHA256:/kQCSeiwcggbCTso5sq6pZJkg/SDy7CHxC7BFo4/ec4 root@ubuntu-xenial
[   22.923760] cloud-init[945]: [[0;32m  OK  [0m] Started D-Bus System Message Bus.
The key's randomart image is:
[   22.939841] cloud-init[945]: +--[ED25519 256]--+
[   22.943096] cloud-init[945]: |o.   ..          |
[   22.948291] cloud-init[945]: |=.. .. .         |
[[0;32m  OK  [0m[   22.966880] ] cloud-initStarted ACPI event daemon.[945]: 
|*= +  o          |
[   22.967039] cloud-init[945]: |B+o .  .         |
[   23.012852] cloud-init[945]: |B++     S .      |
         Starting LSB: Record successful boot for GRUB...
[   23.013532] cloud-init[945]: |B@ o   . o       |
[   23.060772] cloud-init[945]: |XB+..   . .      |
         Starting LSB: MD monitoring daemon...
[   23.061435] cloud-init[945]: |B*=..    o       |
[   23.105142] cloud-init[945]: |*o +E     .      |
[[   23.105780] [0;32m  OK  [0mcloud-init] [945]: Started Regular background program processing daemon.+----[SHA256]-----+

         Starting Login Service...
[[0;32m  OK  [0m] Started FUSE filesystem for LXC.
[[0;32m  OK  [0m] Started Unattended Upgrades Shutdown.
         Starting LXD - container startup/shutdown...
         Starting Pollinate to seed the pseudo random number generator...
         Starting Virtualbox guest utils...
[[0;32m  OK  [0m] Started System Logging Service.
[[0;32m  OK  [0m] Started Snappy daemon.
[[0;32m  OK  [0m] Started /etc/rc.local Compatibility.
[[0;32m  OK  [0m] Started LXD - container startup/shutdown.
[[0;32m  OK  [0m] Started Login to default iSCSI targets.
[[0;32m  OK  [0m] Started LSB: Record successful boot for GRUB.
[[0;32m  OK  [0m] Started LSB: MD monitoring daemon.
         Starting Authenticate and Authorize Users to Run Privileged Tasks...
[[0;32m  OK  [0m] Reached target Remote File Systems (Pre).
[[0;32m  OK  [0m] Reached target Remote File Systems.
         Starting LSB: automatic crash report generation...
         Starting LSB: Set the CPU Frequency Scaling governor to "ondemand"...
         Starting LSB: daemon to balance interrupts for SMP systems...
         Starting Permit User Sessions...
         Starting Wait until snapd is fully seeded...
[[0;32m  OK  [0m] Started Virtualbox guest utils.
[[0;32m  OK  [0m] Started Permit User Sessions.
[[0;32m  OK  [0m] Started Login Service.
[[0;32m  OK  [0m] Started Authenticate and Authorize Users to Run Privileged Tasks.
[[0;32m  OK  [0m] Started Accounts Service.
[[0;32m  OK  [0m] Started LSB: Set the CPU Frequency Scaling governor to "ondemand".
         Starting Terminate Plymouth Boot Screen...
         Starting Hold until boot process finishes up...
[[0;32m  OK  [0m] Started LSB: automatic crash report generation.
[[0;32m  OK  [0m] Started LSB: daemon to balance interrupts for SMP systems.
[[0;32m  OK  [0m] Started Terminate Plymouth Boot Screen.
[[0;32m  OK  [0m] Started Hold until boot process finishes up.
[[0;32m  OK  [0m] Started Serial Getty on ttyS0.
         Starting Set console scheme...
[[0;32m  OK  [0m] Started Getty on tty1.
[[0;32m  OK  [0m] Reached target Login Prompts.
[[0;32m  OK  [0m] Started Pollinate to seed the pseudo random number generator.
[[0;32m  OK  [0m] Started Set console scheme.
         Starting OpenBSD Secure Shell server...
[[0;32m  OK  [0m] Started OpenBSD Secure Shell server.
[[0;32m  OK  [0m] Created slice User Slice of vagrant.
         Starting User Manager for UID 1000...
[[0;32m  OK  [0m] Started Session 1 of user vagrant.
[[0;32m  OK  [0m] Started User Manager for UID 1000.
[[0;32m  OK  [0m] Started Wait until snapd is fully seeded.
[[0;32m  OK  [0m] Reached target Multi-User System.
[[0;32m  OK  [0m] Reached target Graphical Interface.
         Starting Update UTMP about System Runlevel Changes...
         Starting Apply the settings specified in cloud-config...
[[0;32m  OK  [0m] Started Update UTMP about System Runlevel Changes.
[   27.021640] cloud-init[1383]: Generating locales (this might take a while)...
         Stopping User Manager for UID 1000...
[[0;32m  OK  [0m] Stopped User Manager for UID 1000.
[[0;32m  OK  [0m] Removed slice User Slice of vagrant.
[[0;32m  OK  [0m] Created slice User Slice of vagrant.
         Starting User Manager for UID 1000...
[[0;32m  OK  [0m] Started Session 2 of user vagrant.
[[0;32m  OK  [0m] Started User Manager for UID 1000.
[   27.754278] cloud-init[1383]:   en_US.UTF-8... done
[   27.762647] cloud-init[1383]: Generation complete.
[   28.010934] cloud-init[1383]: Cloud-init v. 18.5-45-g3554ffe8-0ubuntu1~16.04.1 running 'modules:config' at Mon, 03 Jun 2019 07:45:25 +0000. Up 26.92 seconds.
[[0;32m  OK  [0m] Started Apply the settings specified in cloud-config.
         Starting Execute cloud user/final scripts...
ci-info: no authorized ssh keys fingerprints found for user ubuntu.
<14>Jun  3 07:45:27 ec2: 
<14>Jun  3 07:45:27 ec2: #############################################################
<14>Jun  3 07:45:27 ec2: -----BEGIN SSH HOST KEY FINGERPRINTS-----
<14>Jun  3 07:45:27 ec2: 1024 SHA256:Xbgd5eZjD7i0ZYv4AXEszADi/jcOUCuEW3+rIQmgBGI root@ubuntu-xenial (DSA)
<14>Jun  3 07:45:27 ec2: 256 SHA256:iUPlEhWRYgFntiuC4zz8TmUf4c2Ys9XUduuQ2Qj8G+Q root@ubuntu-xenial (ECDSA)
<14>Jun  3 07:45:27 ec2: 256 SHA256:/kQCSeiwcggbCTso5sq6pZJkg/SDy7CHxC7BFo4/ec4 root@ubuntu-xenial (ED25519)
<14>Jun  3 07:45:27 ec2: 2048 SHA256:3B7zneAv48J0tXb+7j5tQ1gHxxp3v5theg4n3hwh0Dk root@ubuntu-xenial (RSA)
<14>Jun  3 07:45:27 ec2: -----END SSH HOST KEY FINGERPRINTS-----
<14>Jun  3 07:45:27 ec2: #############################################################
-----BEGIN SSH HOST KEY KEYS-----
ecdsa-sha2-nistp256 AAAAE2VjZHNhLXNoYTItbmlzdHAyNTYAAAAIbmlzdHAyNTYAAABBBF3FosKrD1zwQKOt5ia/fz2jv0T0uiUtcW3l995w5Xd9Hb/01QfHA/9KqXS1yuYHeysqKAyVXZnU6zOaeFR/qTM= root@ubuntu-xenial
ssh-ed25519 AAAAC3NzaC1lZDI1NTE5AAAAIAzz/7/G2RgRGJ9C5Rq+LFsSqxxtBp7hCmTS0XcmBF8b root@ubuntu-xenial
ssh-rsa AAAAB3NzaC1yc2EAAAADAQABAAABAQDLJPxGMjr5biGsX1d7XBFNJnNwpOR272za54CSLAWjqTIp+fPR4gSvokw46nTLH9hSWOkoLK5JVK1XAxV+40nObkmk4t0P3SS6E4U1SDssRSIHZWDF812AiVQBJF7bfyVq/ZKxxy/V1OxYlpz8SYg85CtPchr5rB8Gmc5wbPqkUFZXzTh6zYklAXokj7zASHv4rdsg5GEeFk3fUIiUXllPR0Kxh9rhMWbsNcCZT78opHyb/wl4IlxkbiKTJkpmllUTuIv3R9fT9Tf7sJOPC32/y86kuiFGmtGidy8SmMp6Zd/St0oDxajacAcGHqqBj7lnXJszBkRSEzenuNQaH6Zt root@ubuntu-xenial
-----END SSH HOST KEY KEYS-----
         Starting Hostname Service...
[[   28.997333] cloud-init[1579]: Cloud-init v. 18.5-45-g3554ffe8-0ubuntu1~16.04.1 running 'modules:final' at Mon, 03 Jun 2019 07:45:27 +0000. Up 28.31 seconds.
[   29.009102] cloud-init[1579]: ci-info: no authorized ssh keys fingerprints found for user ubuntu.
[0;32m  OK  [0m] Started Hostname Service.
[   29.009485] cloud-init[1579]: Cloud-init v. 18.5-45-g3554ffe8-0ubuntu1~16.04.1 finished at Mon, 03 Jun 2019 07:45:27 +0000. Datasource DataSourceNoCloud [seed=/dev/sdb][dsmode=net].  Up 28.99 seconds
[[0;32m  OK  [0m] Started Execute cloud user/final scripts.

Ubuntu 16.04.6 LTS ch-web01 ttyS0

ch-web01 login: 